2023/03/10 06:52:39 PM Namespace(alpha=0.5, cuda=True, dilation=10, entropy_coef=1e-05, env_max_step=400, env_name='MiniGrid-FourRooms-v0', eps=0.001, gamma_m=1, gamma_w=1, grad_clip=1.0, grid_size=19, hidden_dim_manager=64, hidden_dim_worker=32, lr=0.005, max_steps=100000000, mlp=1, num_steps=1000, num_workers=32, reward_reg=100, run_name='baseline', seed=0, time_horizon=10, whole=1)
2023/03/10 06:58:08 PM Namespace(alpha=0.5, cuda=True, dilation=10, entropy_coef=1e-05, env_max_step=400, env_name='MiniGrid-FourRooms-v0', eps=0.001, gamma_m=1, gamma_w=1, grad_clip=1.0, grid_size=19, hidden_dim_manager=64, hidden_dim_worker=32, lr=0.005, max_steps=100000000, mlp=1, num_steps=1000, num_workers=32, reward_reg=100, run_name='baseline', seed=0, time_horizon=10, whole=1)
2023/03/10 06:58:12 PM > ep = 1 | total steps = 11744 | reward = 100.0 | length = 368 | hours = 0.001
2023/03/10 06:58:12 PM > ep = 2 | total steps = 12768 | reward = 0.0 | length = 400 | hours = 0.001
2023/03/10 06:58:12 PM > ep = 3 | total steps = 12768 | reward = 0.0 | length = 400 | hours = 0.001
2023/03/10 06:58:12 PM > ep = 4 | total steps = 12768 | reward = 0.0 | length = 400 | hours = 0.001
2023/03/10 06:58:12 PM > ep = 5 | total steps = 12768 | reward = 0.0 | length = 400 | hours = 0.001
2023/03/10 06:58:12 PM > ep = 6 | total steps = 12768 | reward = 0.0 | length = 400 | hours = 0.001
2023/03/10 06:58:12 PM > ep = 7 | total steps = 12768 | reward = 0.0 | length = 400 | hours = 0.001
2023/03/10 06:58:12 PM > ep = 8 | total steps = 12768 | reward = 0.0 | length = 400 | hours = 0.001
2023/03/10 06:58:12 PM > ep = 9 | total steps = 12768 | reward = 0.0 | length = 400 | hours = 0.001
2023/03/10 06:58:12 PM > ep = 10 | total steps = 12768 | reward = 0.0 | length = 400 | hours = 0.001
2023/03/10 06:58:12 PM > ep = 11 | total steps = 12768 | reward = 0.0 | length = 400 | hours = 0.001
2023/03/10 06:58:12 PM > ep = 12 | total steps = 12768 | reward = 0.0 | length = 400 | hours = 0.001
2023/03/10 06:58:12 PM > ep = 13 | total steps = 12768 | reward = 0.0 | length = 400 | hours = 0.001
2023/03/10 06:58:12 PM > ep = 14 | total steps = 12768 | reward = 0.0 | length = 400 | hours = 0.001
2023/03/10 06:58:12 PM > ep = 15 | total steps = 12768 | reward = 0.0 | length = 400 | hours = 0.001
2023/03/10 06:58:12 PM > ep = 16 | total steps = 12768 | reward = 0.0 | length = 400 | hours = 0.001
2023/03/10 06:58:12 PM > ep = 17 | total steps = 12768 | reward = 0.0 | length = 400 | hours = 0.001
2023/03/10 06:58:12 PM > ep = 18 | total steps = 12768 | reward = 0.0 | length = 400 | hours = 0.001
2023/03/10 06:58:12 PM > ep = 19 | total steps = 12768 | reward = 0.0 | length = 400 | hours = 0.001
2023/03/10 06:58:12 PM > ep = 20 | total steps = 12768 | reward = 0.0 | length = 400 | hours = 0.001
2023/03/10 06:58:12 PM > ep = 21 | total steps = 12768 | reward = 0.0 | length = 400 | hours = 0.001
2023/03/10 06:58:12 PM > ep = 22 | total steps = 12768 | reward = 0.0 | length = 400 | hours = 0.001
2023/03/10 06:58:12 PM > ep = 23 | total steps = 12768 | reward = 0.0 | length = 400 | hours = 0.001
2023/03/10 06:58:12 PM > ep = 24 | total steps = 12768 | reward = 0.0 | length = 400 | hours = 0.001
2023/03/10 06:58:12 PM > ep = 25 | total steps = 12768 | reward = 0.0 | length = 400 | hours = 0.001
2023/03/10 06:58:12 PM > ep = 26 | total steps = 12768 | reward = 0.0 | length = 400 | hours = 0.001
2023/03/10 06:58:12 PM > ep = 27 | total steps = 12768 | reward = 0.0 | length = 400 | hours = 0.001
2023/03/10 06:58:12 PM > ep = 28 | total steps = 12768 | reward = 0.0 | length = 400 | hours = 0.001
2023/03/10 06:58:12 PM > ep = 29 | total steps = 12768 | reward = 0.0 | length = 400 | hours = 0.001
2023/03/10 06:58:12 PM > ep = 30 | total steps = 12768 | reward = 0.0 | length = 400 | hours = 0.001
2023/03/10 06:58:12 PM > ep = 31 | total steps = 12768 | reward = 0.0 | length = 400 | hours = 0.001
2023/03/10 06:58:12 PM > ep = 32 | total steps = 12768 | reward = 0.0 | length = 400 | hours = 0.001
2023/03/10 06:58:12 PM > ep = 33 | total steps = 13024 | reward = 100.0 | length = 8 | hours = 0.001
2023/03/10 06:58:12 PM > ep = 34 | total steps = 13056 | reward = 100.0 | length = 9 | hours = 0.001
2023/03/10 06:58:13 PM > ep = 35 | total steps = 13920 | reward = 100.0 | length = 68 | hours = 0.001
2023/03/10 06:58:13 PM > ep = 36 | total steps = 14208 | reward = 100.0 | length = 45 | hours = 0.001
2023/03/10 06:58:13 PM > ep = 37 | total steps = 14592 | reward = 100.0 | length = 57 | hours = 0.001
2023/03/10 06:58:13 PM > ep = 38 | total steps = 15968 | reward = 100.0 | length = 100 | hours = 0.001
2023/03/10 06:58:14 PM > ep = 39 | total steps = 19328 | reward = 100.0 | length = 205 | hours = 0.002
2023/03/10 06:58:15 PM > ep = 40 | total steps = 23200 | reward = 100.0 | length = 326 | hours = 0.002
2023/03/10 06:58:15 PM > ep = 41 | total steps = 25152 | reward = 100.0 | length = 387 | hours = 0.002
2023/03/10 06:58:15 PM > ep = 42 | total steps = 25568 | reward = 0.0 | length = 400 | hours = 0.002
2023/03/10 06:58:15 PM > ep = 43 | total steps = 25568 | reward = 0.0 | length = 400 | hours = 0.002
2023/03/10 06:58:15 PM > ep = 44 | total steps = 25568 | reward = 0.0 | length = 400 | hours = 0.002
2023/03/10 06:58:15 PM > ep = 45 | total steps = 25568 | reward = 0.0 | length = 400 | hours = 0.002
2023/03/10 06:58:15 PM > ep = 46 | total steps = 25568 | reward = 0.0 | length = 400 | hours = 0.002
2023/03/10 06:58:15 PM > ep = 47 | total steps = 25568 | reward = 0.0 | length = 400 | hours = 0.002
2023/03/10 06:58:15 PM > ep = 48 | total steps = 25568 | reward = 0.0 | length = 400 | hours = 0.002
2023/03/10 06:58:15 PM > ep = 49 | total steps = 25568 | reward = 0.0 | length = 400 | hours = 0.002
2023/03/10 06:58:15 PM > ep = 50 | total steps = 25568 | reward = 0.0 | length = 400 | hours = 0.002
2023/03/10 06:58:15 PM > ep = 51 | total steps = 25568 | reward = 0.0 | length = 400 | hours = 0.002
2023/03/10 06:58:15 PM > ep = 52 | total steps = 25568 | reward = 0.0 | length = 400 | hours = 0.002
2023/03/10 06:58:15 PM > ep = 53 | total steps = 25568 | reward = 0.0 | length = 400 | hours = 0.002
2023/03/10 06:58:15 PM > ep = 54 | total steps = 25568 | reward = 0.0 | length = 400 | hours = 0.002
2023/03/10 06:58:15 PM > ep = 55 | total steps = 25568 | reward = 0.0 | length = 400 | hours = 0.002
2023/03/10 06:58:15 PM > ep = 56 | total steps = 25568 | reward = 0.0 | length = 400 | hours = 0.002
2023/03/10 06:58:15 PM > ep = 57 | total steps = 25568 | reward = 0.0 | length = 400 | hours = 0.002
2023/03/10 06:58:15 PM > ep = 58 | total steps = 25568 | reward = 0.0 | length = 400 | hours = 0.002
2023/03/10 06:58:15 PM > ep = 59 | total steps = 25568 | reward = 0.0 | length = 400 | hours = 0.002
2023/03/10 06:58:15 PM > ep = 60 | total steps = 25568 | reward = 0.0 | length = 400 | hours = 0.002
2023/03/10 06:58:15 PM > ep = 61 | total steps = 25568 | reward = 0.0 | length = 400 | hours = 0.002
2023/03/10 06:58:15 PM > ep = 62 | total steps = 25568 | reward = 0.0 | length = 400 | hours = 0.002
2023/03/10 06:58:15 PM > ep = 63 | total steps = 25568 | reward = 0.0 | length = 400 | hours = 0.002
2023/03/10 06:58:15 PM > ep = 64 | total steps = 25568 | reward = 0.0 | length = 400 | hours = 0.002
2023/03/10 06:58:15 PM > ep = 65 | total steps = 25824 | reward = 0.0 | length = 400 | hours = 0.002
2023/03/10 06:58:15 PM > ep = 66 | total steps = 25856 | reward = 0.0 | length = 400 | hours = 0.002
2023/03/10 06:58:15 PM > ep = 67 | total steps = 26720 | reward = 0.0 | length = 400 | hours = 0.002
2023/03/10 06:58:16 PM > ep = 68 | total steps = 27008 | reward = 0.0 | length = 400 | hours = 0.002
2023/03/10 06:58:16 PM > ep = 69 | total steps = 27392 | reward = 0.0 | length = 400 | hours = 0.002
2023/03/10 06:58:16 PM > ep = 70 | total steps = 28768 | reward = 0.0 | length = 400 | hours = 0.002
2023/03/10 06:58:19 PM <<<>>> TRUE <<<>>> ep = 1 | reward = 0.0 | length = 400
2023/03/10 06:58:20 PM <<<>>> TRUE <<<>>> ep = 2 | reward = 0.0 | length = 400
2023/03/10 06:58:21 PM <<<>>> TRUE <<<>>> ep = 3 | reward = 0.0 | length = 400
2023/03/10 06:58:22 PM <<<>>> TRUE <<<>>> ep = 4 | reward = 0.0 | length = 400
2023/03/10 06:58:23 PM <<<>>> TRUE <<<>>> ep = 5 | reward = 0.0 | length = 400
2023/03/10 06:58:24 PM <<<>>> TRUE <<<>>> ep = 6 | reward = 0.0 | length = 400
2023/03/10 06:58:25 PM <<<>>> TRUE <<<>>> ep = 7 | reward = 0.0 | length = 400
2023/03/10 06:58:26 PM <<<>>> TRUE <<<>>> ep = 8 | reward = 0.0 | length = 400
2023/03/10 06:58:27 PM <<<>>> TRUE <<<>>> ep = 9 | reward = 0.0 | length = 400
2023/03/10 06:58:28 PM <<<>>> TRUE <<<>>> ep = 10 | reward = 0.0 | length = 400
2023/03/10 06:58:30 PM <<<>>> TRUE <<<>>> ep = 11 | reward = 0.0 | length = 400
2023/03/10 06:58:31 PM <<<>>> TRUE <<<>>> ep = 12 | reward = 0.0 | length = 400
2023/03/10 06:58:32 PM <<<>>> TRUE <<<>>> ep = 13 | reward = 0.0 | length = 400
2023/03/10 06:58:33 PM <<<>>> TRUE <<<>>> ep = 14 | reward = 0.0 | length = 400
2023/03/10 06:58:34 PM <<<>>> TRUE <<<>>> ep = 15 | reward = 0.0 | length = 400
2023/03/10 06:58:35 PM <<<>>> TRUE <<<>>> ep = 16 | reward = 0.0 | length = 400
2023/03/10 06:58:36 PM <<<>>> TRUE <<<>>> ep = 17 | reward = 0.0 | length = 400
2023/03/10 06:58:37 PM <<<>>> TRUE <<<>>> ep = 18 | reward = 0.0 | length = 400
2023/03/10 06:58:39 PM <<<>>> TRUE <<<>>> ep = 19 | reward = 0.0 | length = 400
2023/03/10 06:58:40 PM <<<>>> TRUE <<<>>> ep = 20 | reward = 0.0 | length = 400
2023/03/10 06:58:41 PM <<<>>> TRUE <<<>>> ep = 21 | reward = 0.0 | length = 400
2023/03/10 06:58:42 PM <<<>>> TRUE <<<>>> ep = 22 | reward = 0.0 | length = 400
2023/03/10 06:58:43 PM <<<>>> TRUE <<<>>> ep = 23 | reward = 0.0 | length = 400
2023/03/10 06:58:45 PM <<<>>> TRUE <<<>>> ep = 24 | reward = 0.0 | length = 400
2023/03/10 06:58:46 PM <<<>>> TRUE <<<>>> ep = 25 | reward = 0.0 | length = 400
2023/03/10 06:58:47 PM <<<>>> TRUE <<<>>> ep = 26 | reward = 0.0 | length = 400
2023/03/10 06:58:49 PM <<<>>> TRUE <<<>>> ep = 27 | reward = 0.0 | length = 400
2023/03/10 06:58:50 PM <<<>>> TRUE <<<>>> ep = 28 | reward = 0.0 | length = 400
2023/03/10 06:58:51 PM <<<>>> TRUE <<<>>> ep = 29 | reward = 0.0 | length = 400
2023/03/10 06:58:54 PM <<<>>> TRUE <<<>>> ep = 30 | reward = 0.0 | length = 400
2023/03/10 06:58:56 PM <<<>>> TRUE <<<>>> ep = 31 | reward = 0.0 | length = 400
2023/03/10 06:58:58 PM <<<>>> TRUE <<<>>> ep = 32 | reward = 0.0 | length = 400
2023/03/10 06:58:59 PM <<<>>> TRUE <<<>>> ep = 33 | reward = 0.0 | length = 400
2023/03/10 06:59:00 PM <<<>>> TRUE <<<>>> ep = 34 | reward = 0.0 | length = 400
2023/03/10 06:59:01 PM <<<>>> TRUE <<<>>> ep = 35 | reward = 0.0 | length = 400
2023/03/10 06:59:03 PM <<<>>> TRUE <<<>>> ep = 36 | reward = 0.0 | length = 400
2023/03/10 06:59:04 PM <<<>>> TRUE <<<>>> ep = 37 | reward = 0.0 | length = 400
2023/03/10 06:59:05 PM <<<>>> TRUE <<<>>> ep = 38 | reward = 0.0 | length = 400
2023/03/10 06:59:06 PM <<<>>> TRUE <<<>>> ep = 39 | reward = 0.0 | length = 400
2023/03/10 06:59:06 PM Starting new HTTPS connection (1): o151352.ingest.sentry.io:443
2023/03/10 06:59:06 PM https://o151352.ingest.sentry.io:443 "POST /api/5288891/envelope/ HTTP/1.1" 200 2
2023/03/10 06:59:09 PM <<<>>> TRUE <<<>>> ep = 40 | reward = 0.0 | length = 400
2023/03/10 06:59:10 PM <<<>>> TRUE <<<>>> ep = 41 | reward = 0.0 | length = 400
2023/03/10 06:59:11 PM <<<>>> TRUE <<<>>> ep = 42 | reward = 0.0 | length = 400
2023/03/10 06:59:12 PM <<<>>> TRUE <<<>>> ep = 43 | reward = 0.0 | length = 400
2023/03/10 06:59:13 PM <<<>>> TRUE <<<>>> ep = 44 | reward = 0.0 | length = 400
2023/03/10 06:59:14 PM <<<>>> TRUE <<<>>> ep = 45 | reward = 0.0 | length = 400
2023/03/10 06:59:15 PM <<<>>> TRUE <<<>>> ep = 46 | reward = 0.0 | length = 400
2023/03/10 06:59:16 PM <<<>>> TRUE <<<>>> ep = 47 | reward = 0.0 | length = 400
2023/03/10 06:59:17 PM <<<>>> TRUE <<<>>> ep = 48 | reward = 0.0 | length = 400
2023/03/10 06:59:18 PM <<<>>> TRUE <<<>>> ep = 49 | reward = 0.0 | length = 400
2023/03/10 06:59:20 PM <<<>>> TRUE <<<>>> ep = 50 | reward = 0.0 | length = 400
2023/03/10 06:59:21 PM <<<>>> TRUE <<<>>> ep = 51 | reward = 0.0 | length = 400
2023/03/10 06:59:22 PM <<<>>> TRUE <<<>>> ep = 52 | reward = 0.0 | length = 400
2023/03/10 06:59:24 PM <<<>>> TRUE <<<>>> ep = 53 | reward = 0.0 | length = 400
2023/03/10 06:59:25 PM <<<>>> TRUE <<<>>> ep = 54 | reward = 0.0 | length = 400
2023/03/10 06:59:27 PM <<<>>> TRUE <<<>>> ep = 55 | reward = 0.0 | length = 400
2023/03/10 06:59:28 PM <<<>>> TRUE <<<>>> ep = 56 | reward = 0.0 | length = 400
2023/03/10 06:59:29 PM <<<>>> TRUE <<<>>> ep = 57 | reward = 0.0 | length = 400
2023/03/10 06:59:30 PM <<<>>> TRUE <<<>>> ep = 58 | reward = 0.0 | length = 400
2023/03/10 06:59:32 PM <<<>>> TRUE <<<>>> ep = 59 | reward = 0.0 | length = 400
2023/03/10 06:59:33 PM <<<>>> TRUE <<<>>> ep = 60 | reward = 0.0 | length = 400
2023/03/10 06:59:34 PM <<<>>> TRUE <<<>>> ep = 61 | reward = 0.0 | length = 400
2023/03/10 06:59:35 PM <<<>>> TRUE <<<>>> ep = 62 | reward = 0.0 | length = 400
2023/03/10 06:59:37 PM <<<>>> TRUE <<<>>> ep = 63 | reward = 0.0 | length = 400
2023/03/10 06:59:38 PM <<<>>> TRUE <<<>>> ep = 64 | reward = 0.0 | length = 400
2023/03/10 06:59:39 PM <<<>>> TRUE <<<>>> ep = 65 | reward = 0.0 | length = 400
2023/03/10 06:59:41 PM <<<>>> TRUE <<<>>> ep = 66 | reward = 0.0 | length = 400
2023/03/10 06:59:43 PM <<<>>> TRUE <<<>>> ep = 67 | reward = 0.0 | length = 400
2023/03/10 06:59:44 PM <<<>>> TRUE <<<>>> ep = 68 | reward = 0.0 | length = 400
2023/03/10 06:59:45 PM <<<>>> TRUE <<<>>> ep = 69 | reward = 0.0 | length = 400
2023/03/10 06:59:47 PM <<<>>> TRUE <<<>>> ep = 70 | reward = 0.0 | length = 400
2023/03/10 06:59:48 PM <<<>>> TRUE <<<>>> ep = 71 | reward = 0.0 | length = 400
2023/03/10 06:59:49 PM <<<>>> TRUE <<<>>> ep = 72 | reward = 0.0 | length = 400
2023/03/10 06:59:50 PM <<<>>> TRUE <<<>>> ep = 73 | reward = 0.0 | length = 400
2023/03/10 06:59:52 PM <<<>>> TRUE <<<>>> ep = 74 | reward = 0.0 | length = 400
2023/03/10 06:59:53 PM <<<>>> TRUE <<<>>> ep = 75 | reward = 0.0 | length = 400
2023/03/10 06:59:54 PM <<<>>> TRUE <<<>>> ep = 76 | reward = 0.0 | length = 400
2023/03/10 06:59:55 PM <<<>>> TRUE <<<>>> ep = 77 | reward = 0.0 | length = 400
2023/03/10 06:59:56 PM <<<>>> TRUE <<<>>> ep = 78 | reward = 0.0 | length = 400
2023/03/10 06:59:57 PM <<<>>> TRUE <<<>>> ep = 79 | reward = 0.0 | length = 400
2023/03/10 06:59:59 PM <<<>>> TRUE <<<>>> ep = 80 | reward = 0.0 | length = 400
2023/03/10 07:00:00 PM <<<>>> TRUE <<<>>> ep = 81 | reward = 0.0 | length = 400
2023/03/10 07:00:01 PM <<<>>> TRUE <<<>>> ep = 82 | reward = 0.0 | length = 400
2023/03/10 07:00:02 PM <<<>>> TRUE <<<>>> ep = 83 | reward = 0.0 | length = 400
2023/03/10 07:00:03 PM <<<>>> TRUE <<<>>> ep = 84 | reward = 0.0 | length = 400
2023/03/10 07:00:05 PM <<<>>> TRUE <<<>>> ep = 85 | reward = 0.0 | length = 400
2023/03/10 07:00:06 PM <<<>>> TRUE <<<>>> ep = 86 | reward = 0.0 | length = 400
2023/03/10 07:00:08 PM <<<>>> TRUE <<<>>> ep = 87 | reward = 0.0 | length = 400
2023/03/10 07:00:09 PM <<<>>> TRUE <<<>>> ep = 88 | reward = 0.0 | length = 400
2023/03/10 07:00:10 PM <<<>>> TRUE <<<>>> ep = 89 | reward = 0.0 | length = 400
2023/03/10 07:00:11 PM <<<>>> TRUE <<<>>> ep = 90 | reward = 0.0 | length = 400
2023/03/10 07:00:13 PM <<<>>> TRUE <<<>>> ep = 91 | reward = 0.0 | length = 400
2023/03/10 07:00:14 PM <<<>>> TRUE <<<>>> ep = 92 | reward = 0.0 | length = 400
2023/03/10 07:00:15 PM <<<>>> TRUE <<<>>> ep = 93 | reward = 0.0 | length = 400
2023/03/10 07:00:16 PM <<<>>> TRUE <<<>>> ep = 94 | reward = 0.0 | length = 400
2023/03/10 07:00:17 PM <<<>>> TRUE <<<>>> ep = 95 | reward = 0.0 | length = 400
2023/03/10 07:00:18 PM <<<>>> TRUE <<<>>> ep = 96 | reward = 0.0 | length = 400
2023/03/10 07:00:19 PM <<<>>> TRUE <<<>>> ep = 97 | reward = 0.0 | length = 400
2023/03/10 07:00:20 PM <<<>>> TRUE <<<>>> ep = 98 | reward = 0.0 | length = 400
2023/03/10 07:00:21 PM <<<>>> TRUE <<<>>> ep = 99 | reward = 0.0 | length = 400
2023/03/10 07:00:23 PM <<<>>> TRUE <<<>>> ep = 100 | reward = 0.0 | length = 400
2023/03/10 07:00:24 PM <<<>>> TRUE <<<>>> ep = 101 | reward = 0.0 | length = 400
2023/03/10 07:00:24 PM > ep = 71 | total steps = 32128 | reward = 0.0 | length = 400 | hours = 0.038
2023/03/10 07:00:25 PM > ep = 72 | total steps = 36000 | reward = 0.0 | length = 400 | hours = 0.038
2023/03/10 07:00:25 PM > ep = 73 | total steps = 37952 | reward = 0.0 | length = 400 | hours = 0.038
2023/03/10 07:00:25 PM > ep = 74 | total steps = 38368 | reward = 0.0 | length = 400 | hours = 0.038
2023/03/10 07:00:25 PM > ep = 75 | total steps = 38368 | reward = 0.0 | length = 400 | hours = 0.038
2023/03/10 07:00:25 PM > ep = 76 | total steps = 38368 | reward = 0.0 | length = 400 | hours = 0.038
2023/03/10 07:00:25 PM > ep = 77 | total steps = 38368 | reward = 0.0 | length = 400 | hours = 0.038
2023/03/10 07:00:25 PM > ep = 78 | total steps = 38368 | reward = 0.0 | length = 400 | hours = 0.038
2023/03/10 07:00:25 PM > ep = 79 | total steps = 38368 | reward = 0.0 | length = 400 | hours = 0.038
2023/03/10 07:00:25 PM > ep = 80 | total steps = 38368 | reward = 0.0 | length = 400 | hours = 0.038
2023/03/10 07:00:25 PM > ep = 81 | total steps = 38368 | reward = 0.0 | length = 400 | hours = 0.038
2023/03/10 07:00:25 PM > ep = 82 | total steps = 38368 | reward = 0.0 | length = 400 | hours = 0.038
2023/03/10 07:00:25 PM > ep = 83 | total steps = 38368 | reward = 0.0 | length = 400 | hours = 0.038
2023/03/10 07:00:25 PM > ep = 84 | total steps = 38368 | reward = 0.0 | length = 400 | hours = 0.038
2023/03/10 07:00:25 PM > ep = 85 | total steps = 38368 | reward = 0.0 | length = 400 | hours = 0.038
2023/03/10 07:00:25 PM > ep = 86 | total steps = 38368 | reward = 0.0 | length = 400 | hours = 0.038
2023/03/10 07:00:25 PM > ep = 87 | total steps = 38368 | reward = 0.0 | length = 400 | hours = 0.038
2023/03/10 07:00:25 PM > ep = 88 | total steps = 38368 | reward = 0.0 | length = 400 | hours = 0.038
2023/03/10 07:00:25 PM > ep = 89 | total steps = 38368 | reward = 0.0 | length = 400 | hours = 0.038
2023/03/10 07:00:25 PM > ep = 90 | total steps = 38368 | reward = 0.0 | length = 400 | hours = 0.038
2023/03/10 07:00:25 PM > ep = 91 | total steps = 38368 | reward = 0.0 | length = 400 | hours = 0.038
2023/03/10 07:00:25 PM > ep = 92 | total steps = 38368 | reward = 0.0 | length = 400 | hours = 0.038
2023/03/10 07:00:25 PM > ep = 93 | total steps = 38368 | reward = 0.0 | length = 400 | hours = 0.038
2023/03/10 07:00:25 PM > ep = 94 | total steps = 38368 | reward = 0.0 | length = 400 | hours = 0.038
2023/03/10 07:00:25 PM > ep = 95 | total steps = 38368 | reward = 0.0 | length = 400 | hours = 0.038
2023/03/10 07:00:25 PM > ep = 96 | total steps = 38368 | reward = 0.0 | length = 400 | hours = 0.038
2023/03/10 07:00:25 PM > ep = 97 | total steps = 38624 | reward = 0.0 | length = 400 | hours = 0.038
2023/03/10 07:00:25 PM > ep = 98 | total steps = 38656 | reward = 0.0 | length = 400 | hours = 0.038
2023/03/10 07:00:25 PM > ep = 99 | total steps = 39520 | reward = 0.0 | length = 400 | hours = 0.038
2023/03/10 07:00:25 PM > ep = 100 | total steps = 39808 | reward = 0.0 | length = 400 | hours = 0.038
2023/03/10 07:00:26 PM > ep = 101 | total steps = 40192 | reward = 0.0 | length = 400 | hours = 0.038
2023/03/10 07:00:26 PM > ep = 102 | total steps = 41568 | reward = 0.0 | length = 400 | hours = 0.038
2023/03/10 07:00:27 PM > ep = 103 | total steps = 44928 | reward = 0.0 | length = 400 | hours = 0.039
2023/03/10 07:00:27 PM > ep = 104 | total steps = 48800 | reward = 0.0 | length = 400 | hours = 0.039
2023/03/10 07:00:28 PM > ep = 105 | total steps = 50752 | reward = 0.0 | length = 400 | hours = 0.039
2023/03/10 07:00:28 PM > ep = 106 | total steps = 51168 | reward = 0.0 | length = 400 | hours = 0.039
2023/03/10 07:00:28 PM > ep = 107 | total steps = 51168 | reward = 0.0 | length = 400 | hours = 0.039
2023/03/10 07:00:28 PM > ep = 108 | total steps = 51168 | reward = 0.0 | length = 400 | hours = 0.039
2023/03/10 07:00:28 PM > ep = 109 | total steps = 51168 | reward = 0.0 | length = 400 | hours = 0.039
2023/03/10 07:00:28 PM > ep = 110 | total steps = 51168 | reward = 0.0 | length = 400 | hours = 0.039
2023/03/10 07:00:28 PM > ep = 111 | total steps = 51168 | reward = 0.0 | length = 400 | hours = 0.039
2023/03/10 07:00:28 PM > ep = 112 | total steps = 51168 | reward = 0.0 | length = 400 | hours = 0.039
2023/03/10 07:00:28 PM > ep = 113 | total steps = 51168 | reward = 0.0 | length = 400 | hours = 0.039
2023/03/10 07:00:28 PM > ep = 114 | total steps = 51168 | reward = 0.0 | length = 400 | hours = 0.039
2023/03/10 07:00:28 PM > ep = 115 | total steps = 51168 | reward = 0.0 | length = 400 | hours = 0.039
2023/03/10 07:00:28 PM > ep = 116 | total steps = 51168 | reward = 0.0 | length = 400 | hours = 0.039
2023/03/10 07:00:28 PM > ep = 117 | total steps = 51168 | reward = 0.0 | length = 400 | hours = 0.039
2023/03/10 07:00:28 PM > ep = 118 | total steps = 51168 | reward = 0.0 | length = 400 | hours = 0.039
2023/03/10 07:00:28 PM > ep = 119 | total steps = 51168 | reward = 0.0 | length = 400 | hours = 0.039
2023/03/10 07:00:28 PM > ep = 120 | total steps = 51168 | reward = 0.0 | length = 400 | hours = 0.039
2023/03/10 07:00:28 PM > ep = 121 | total steps = 51168 | reward = 0.0 | length = 400 | hours = 0.039
2023/03/10 07:00:28 PM > ep = 122 | total steps = 51168 | reward = 0.0 | length = 400 | hours = 0.039
2023/03/10 07:00:28 PM > ep = 123 | total steps = 51168 | reward = 0.0 | length = 400 | hours = 0.039
2023/03/10 07:00:28 PM > ep = 124 | total steps = 51168 | reward = 0.0 | length = 400 | hours = 0.039
2023/03/10 07:00:28 PM > ep = 125 | total steps = 51168 | reward = 0.0 | length = 400 | hours = 0.039
2023/03/10 07:00:28 PM > ep = 126 | total steps = 51168 | reward = 0.0 | length = 400 | hours = 0.039
2023/03/10 07:00:28 PM > ep = 127 | total steps = 51168 | reward = 0.0 | length = 400 | hours = 0.039
2023/03/10 07:00:28 PM > ep = 128 | total steps = 51168 | reward = 0.0 | length = 400 | hours = 0.039
2023/03/10 07:00:28 PM > ep = 129 | total steps = 51424 | reward = 0.0 | length = 400 | hours = 0.039
2023/03/10 07:00:28 PM > ep = 130 | total steps = 51456 | reward = 0.0 | length = 400 | hours = 0.039
2023/03/10 07:00:28 PM > ep = 131 | total steps = 52320 | reward = 0.0 | length = 400 | hours = 0.039
2023/03/10 07:00:28 PM > ep = 132 | total steps = 52608 | reward = 0.0 | length = 400 | hours = 0.039
2023/03/10 07:00:28 PM > ep = 133 | total steps = 52992 | reward = 0.0 | length = 400 | hours = 0.039
2023/03/10 07:00:29 PM > ep = 134 | total steps = 54368 | reward = 0.0 | length = 400 | hours = 0.039
2023/03/10 07:00:29 PM > ep = 135 | total steps = 57728 | reward = 0.0 | length = 400 | hours = 0.039
2023/03/10 07:00:30 PM > ep = 136 | total steps = 61600 | reward = 0.0 | length = 400 | hours = 0.040
2023/03/10 07:00:31 PM > ep = 137 | total steps = 63552 | reward = 0.0 | length = 400 | hours = 0.040
2023/03/10 07:00:31 PM > ep = 138 | total steps = 63968 | reward = 0.0 | length = 400 | hours = 0.040
2023/03/10 07:00:31 PM > ep = 139 | total steps = 63968 | reward = 0.0 | length = 400 | hours = 0.040
2023/03/10 07:00:31 PM > ep = 140 | total steps = 63968 | reward = 0.0 | length = 400 | hours = 0.040
2023/03/10 07:00:31 PM > ep = 141 | total steps = 63968 | reward = 0.0 | length = 400 | hours = 0.040
2023/03/10 07:00:31 PM > ep = 142 | total steps = 63968 | reward = 0.0 | length = 400 | hours = 0.040
2023/03/10 07:00:31 PM > ep = 143 | total steps = 63968 | reward = 0.0 | length = 400 | hours = 0.040
2023/03/10 07:00:31 PM > ep = 144 | total steps = 63968 | reward = 0.0 | length = 400 | hours = 0.040
2023/03/10 07:00:31 PM > ep = 145 | total steps = 63968 | reward = 0.0 | length = 400 | hours = 0.040
2023/03/10 07:00:31 PM > ep = 146 | total steps = 63968 | reward = 0.0 | length = 400 | hours = 0.040
2023/03/10 07:00:31 PM > ep = 147 | total steps = 63968 | reward = 0.0 | length = 400 | hours = 0.040
2023/03/10 07:00:31 PM > ep = 148 | total steps = 63968 | reward = 0.0 | length = 400 | hours = 0.040
2023/03/10 07:00:31 PM > ep = 149 | total steps = 63968 | reward = 0.0 | length = 400 | hours = 0.040
2023/03/10 07:00:31 PM > ep = 150 | total steps = 63968 | reward = 0.0 | length = 400 | hours = 0.040
2023/03/10 07:00:31 PM > ep = 151 | total steps = 63968 | reward = 0.0 | length = 400 | hours = 0.040
2023/03/10 07:00:31 PM > ep = 152 | total steps = 63968 | reward = 0.0 | length = 400 | hours = 0.040
2023/03/10 07:00:31 PM > ep = 153 | total steps = 63968 | reward = 0.0 | length = 400 | hours = 0.040
2023/03/10 07:00:31 PM > ep = 154 | total steps = 63968 | reward = 0.0 | length = 400 | hours = 0.040
2023/03/10 07:00:31 PM > ep = 155 | total steps = 63968 | reward = 0.0 | length = 400 | hours = 0.040
2023/03/10 07:00:31 PM > ep = 156 | total steps = 63968 | reward = 0.0 | length = 400 | hours = 0.040
2023/03/10 07:00:31 PM > ep = 157 | total steps = 63968 | reward = 0.0 | length = 400 | hours = 0.040
2023/03/10 07:00:31 PM > ep = 158 | total steps = 63968 | reward = 0.0 | length = 400 | hours = 0.040
2023/03/10 07:00:31 PM > ep = 159 | total steps = 63968 | reward = 0.0 | length = 400 | hours = 0.040
2023/03/10 07:00:31 PM > ep = 160 | total steps = 63968 | reward = 0.0 | length = 400 | hours = 0.040
2023/03/10 07:00:32 PM > ep = 161 | total steps = 64224 | reward = 0.0 | length = 400 | hours = 0.040
2023/03/10 07:00:32 PM > ep = 162 | total steps = 64256 | reward = 0.0 | length = 400 | hours = 0.040
2023/03/10 07:00:32 PM > ep = 163 | total steps = 65120 | reward = 0.0 | length = 400 | hours = 0.040
2023/03/10 07:00:32 PM > ep = 164 | total steps = 65408 | reward = 0.0 | length = 400 | hours = 0.040
2023/03/10 07:00:32 PM > ep = 165 | total steps = 65792 | reward = 0.0 | length = 400 | hours = 0.040
2023/03/10 07:00:32 PM > ep = 166 | total steps = 67168 | reward = 0.0 | length = 400 | hours = 0.040
2023/03/10 07:00:33 PM > ep = 167 | total steps = 70528 | reward = 0.0 | length = 400 | hours = 0.040
2023/03/10 07:00:34 PM > ep = 168 | total steps = 74400 | reward = 0.0 | length = 400 | hours = 0.041
2023/03/10 07:00:34 PM > ep = 169 | total steps = 76352 | reward = 0.0 | length = 400 | hours = 0.041
2023/03/10 07:00:34 PM > ep = 170 | total steps = 76768 | reward = 0.0 | length = 400 | hours = 0.041
2023/03/10 07:00:34 PM > ep = 171 | total steps = 76768 | reward = 0.0 | length = 400 | hours = 0.041
2023/03/10 07:00:34 PM > ep = 172 | total steps = 76768 | reward = 0.0 | length = 400 | hours = 0.041
2023/03/10 07:00:34 PM > ep = 173 | total steps = 76768 | reward = 0.0 | length = 400 | hours = 0.041
2023/03/10 07:00:34 PM > ep = 174 | total steps = 76768 | reward = 0.0 | length = 400 | hours = 0.041
2023/03/10 07:00:34 PM > ep = 175 | total steps = 76768 | reward = 0.0 | length = 400 | hours = 0.041
2023/03/10 07:00:34 PM > ep = 176 | total steps = 76768 | reward = 0.0 | length = 400 | hours = 0.041
2023/03/10 07:00:34 PM > ep = 177 | total steps = 76768 | reward = 0.0 | length = 400 | hours = 0.041
2023/03/10 07:00:34 PM > ep = 178 | total steps = 76768 | reward = 0.0 | length = 400 | hours = 0.041
2023/03/10 07:00:34 PM > ep = 179 | total steps = 76768 | reward = 0.0 | length = 400 | hours = 0.041
2023/03/10 07:00:34 PM > ep = 180 | total steps = 76768 | reward = 0.0 | length = 400 | hours = 0.041
2023/03/10 07:00:34 PM > ep = 181 | total steps = 76768 | reward = 0.0 | length = 400 | hours = 0.041
2023/03/10 07:00:34 PM > ep = 182 | total steps = 76768 | reward = 0.0 | length = 400 | hours = 0.041
2023/03/10 07:00:34 PM > ep = 183 | total steps = 76768 | reward = 0.0 | length = 400 | hours = 0.041
2023/03/10 07:00:34 PM > ep = 184 | total steps = 76768 | reward = 0.0 | length = 400 | hours = 0.041
2023/03/10 07:00:34 PM > ep = 185 | total steps = 76768 | reward = 0.0 | length = 400 | hours = 0.041
2023/03/10 07:00:34 PM > ep = 186 | total steps = 76768 | reward = 0.0 | length = 400 | hours = 0.041
2023/03/10 07:00:34 PM > ep = 187 | total steps = 76768 | reward = 0.0 | length = 400 | hours = 0.041
2023/03/10 07:00:34 PM > ep = 188 | total steps = 76768 | reward = 0.0 | length = 400 | hours = 0.041
2023/03/10 07:00:34 PM > ep = 189 | total steps = 76768 | reward = 0.0 | length = 400 | hours = 0.041
2023/03/10 07:00:34 PM > ep = 190 | total steps = 76768 | reward = 0.0 | length = 400 | hours = 0.041
2023/03/10 07:00:34 PM > ep = 191 | total steps = 76768 | reward = 0.0 | length = 400 | hours = 0.041
2023/03/10 07:00:34 PM > ep = 192 | total steps = 76768 | reward = 0.0 | length = 400 | hours = 0.041
2023/03/10 07:00:34 PM > ep = 193 | total steps = 77024 | reward = 0.0 | length = 400 | hours = 0.041
2023/03/10 07:00:35 PM > ep = 194 | total steps = 77056 | reward = 0.0 | length = 400 | hours = 0.041
2023/03/10 07:00:35 PM > ep = 195 | total steps = 77920 | reward = 0.0 | length = 400 | hours = 0.041
2023/03/10 07:00:35 PM > ep = 196 | total steps = 78208 | reward = 0.0 | length = 400 | hours = 0.041
2023/03/10 07:00:35 PM > ep = 197 | total steps = 78592 | reward = 0.0 | length = 400 | hours = 0.041
2023/03/10 07:00:35 PM > ep = 198 | total steps = 79968 | reward = 0.0 | length = 400 | hours = 0.041
2023/03/10 07:00:36 PM > ep = 199 | total steps = 83328 | reward = 0.0 | length = 400 | hours = 0.041
2023/03/10 07:00:37 PM > ep = 200 | total steps = 87200 | reward = 0.0 | length = 400 | hours = 0.041
2023/03/10 07:00:37 PM > ep = 201 | total steps = 87552 | reward = 100.0 | length = 132 | hours = 0.041
2023/03/10 07:00:37 PM > ep = 202 | total steps = 89152 | reward = 0.0 | length = 400 | hours = 0.041
2023/03/10 07:00:37 PM > ep = 203 | total steps = 89568 | reward = 0.0 | length = 400 | hours = 0.041
2023/03/10 07:00:37 PM > ep = 204 | total steps = 89568 | reward = 0.0 | length = 400 | hours = 0.041
2023/03/10 07:00:37 PM > ep = 205 | total steps = 89568 | reward = 0.0 | length = 400 | hours = 0.041
2023/03/10 07:00:37 PM > ep = 206 | total steps = 89568 | reward = 0.0 | length = 400 | hours = 0.041
2023/03/10 07:00:37 PM > ep = 207 | total steps = 89568 | reward = 0.0 | length = 400 | hours = 0.041
2023/03/10 07:00:37 PM > ep = 208 | total steps = 89568 | reward = 0.0 | length = 400 | hours = 0.041
2023/03/10 07:00:37 PM > ep = 209 | total steps = 89568 | reward = 0.0 | length = 400 | hours = 0.041
2023/03/10 07:00:37 PM > ep = 210 | total steps = 89568 | reward = 0.0 | length = 400 | hours = 0.041
2023/03/10 07:00:37 PM > ep = 211 | total steps = 89568 | reward = 0.0 | length = 400 | hours = 0.041
2023/03/10 07:00:37 PM > ep = 212 | total steps = 89568 | reward = 0.0 | length = 400 | hours = 0.041
2023/03/10 07:00:37 PM > ep = 213 | total steps = 89568 | reward = 0.0 | length = 400 | hours = 0.041
2023/03/10 07:00:37 PM > ep = 214 | total steps = 89568 | reward = 0.0 | length = 400 | hours = 0.041
2023/03/10 07:00:37 PM > ep = 215 | total steps = 89568 | reward = 0.0 | length = 400 | hours = 0.041
2023/03/10 07:00:37 PM > ep = 216 | total steps = 89568 | reward = 0.0 | length = 400 | hours = 0.041
2023/03/10 07:00:37 PM > ep = 217 | total steps = 89568 | reward = 0.0 | length = 400 | hours = 0.041
2023/03/10 07:00:37 PM > ep = 218 | total steps = 89568 | reward = 0.0 | length = 400 | hours = 0.041
2023/03/10 07:00:37 PM > ep = 219 | total steps = 89568 | reward = 0.0 | length = 400 | hours = 0.041
2023/03/10 07:00:37 PM > ep = 220 | total steps = 89568 | reward = 0.0 | length = 400 | hours = 0.041
2023/03/10 07:00:37 PM > ep = 221 | total steps = 89568 | reward = 0.0 | length = 400 | hours = 0.041
2023/03/10 07:00:37 PM > ep = 222 | total steps = 89568 | reward = 0.0 | length = 400 | hours = 0.041
2023/03/10 07:00:37 PM > ep = 223 | total steps = 89568 | reward = 0.0 | length = 400 | hours = 0.041
2023/03/10 07:00:37 PM > ep = 224 | total steps = 89568 | reward = 0.0 | length = 400 | hours = 0.041
2023/03/10 07:00:37 PM > ep = 225 | total steps = 89568 | reward = 0.0 | length = 400 | hours = 0.041
2023/03/10 07:00:37 PM > ep = 226 | total steps = 89824 | reward = 0.0 | length = 400 | hours = 0.041
2023/03/10 07:00:37 PM > ep = 227 | total steps = 89856 | reward = 0.0 | length = 400 | hours = 0.041
2023/03/10 07:00:37 PM > ep = 228 | total steps = 90720 | reward = 0.0 | length = 400 | hours = 0.042
2023/03/10 07:00:37 PM > ep = 229 | total steps = 91008 | reward = 0.0 | length = 400 | hours = 0.042
2023/03/10 07:00:38 PM > ep = 230 | total steps = 91392 | reward = 0.0 | length = 400 | hours = 0.042
2023/03/10 07:00:38 PM > ep = 231 | total steps = 92768 | reward = 0.0 | length = 400 | hours = 0.042
2023/03/10 07:00:38 PM > ep = 232 | total steps = 95072 | reward = 100.0 | length = 172 | hours = 0.042
2023/03/10 07:00:38 PM > ep = 233 | total steps = 95296 | reward = 100.0 | length = 179 | hours = 0.042
2023/03/10 07:00:40 PM > ep = 234 | total steps = 100000 | reward = 0.0 | length = 400 | hours = 0.042
2023/03/10 07:00:40 PM > ep = 235 | total steps = 100352 | reward = 0.0 | length = 400 | hours = 0.042
2023/03/10 07:00:41 PM > ep = 236 | total steps = 101952 | reward = 0.0 | length = 400 | hours = 0.042
2023/03/10 07:00:41 PM > ep = 237 | total steps = 102368 | reward = 0.0 | length = 400 | hours = 0.042
2023/03/10 07:00:41 PM > ep = 238 | total steps = 102368 | reward = 0.0 | length = 400 | hours = 0.042
2023/03/10 07:00:41 PM > ep = 239 | total steps = 102368 | reward = 0.0 | length = 400 | hours = 0.042
2023/03/10 07:00:41 PM > ep = 240 | total steps = 102368 | reward = 0.0 | length = 400 | hours = 0.042
2023/03/10 07:00:41 PM > ep = 241 | total steps = 102368 | reward = 0.0 | length = 400 | hours = 0.042
2023/03/10 07:00:41 PM > ep = 242 | total steps = 102368 | reward = 0.0 | length = 400 | hours = 0.042
2023/03/10 07:00:41 PM > ep = 243 | total steps = 102368 | reward = 0.0 | length = 400 | hours = 0.042
2023/03/10 07:00:41 PM > ep = 244 | total steps = 102368 | reward = 0.0 | length = 400 | hours = 0.042
2023/03/10 07:00:41 PM > ep = 245 | total steps = 102368 | reward = 0.0 | length = 400 | hours = 0.042
2023/03/10 07:00:41 PM > ep = 246 | total steps = 102368 | reward = 0.0 | length = 400 | hours = 0.042
2023/03/10 07:00:41 PM > ep = 247 | total steps = 102368 | reward = 0.0 | length = 400 | hours = 0.042
2023/03/10 07:00:41 PM > ep = 248 | total steps = 102368 | reward = 0.0 | length = 400 | hours = 0.042
2023/03/10 07:00:41 PM > ep = 249 | total steps = 102368 | reward = 0.0 | length = 400 | hours = 0.042
2023/03/10 07:00:41 PM > ep = 250 | total steps = 102368 | reward = 0.0 | length = 400 | hours = 0.042
2023/03/10 07:00:41 PM > ep = 251 | total steps = 102368 | reward = 0.0 | length = 400 | hours = 0.042
2023/03/10 07:00:41 PM > ep = 252 | total steps = 102368 | reward = 0.0 | length = 400 | hours = 0.042
2023/03/10 07:00:41 PM > ep = 253 | total steps = 102368 | reward = 0.0 | length = 400 | hours = 0.042
2023/03/10 07:00:41 PM > ep = 254 | total steps = 102368 | reward = 0.0 | length = 400 | hours = 0.042
2023/03/10 07:00:41 PM > ep = 255 | total steps = 102368 | reward = 0.0 | length = 400 | hours = 0.042
2023/03/10 07:00:41 PM > ep = 256 | total steps = 102368 | reward = 0.0 | length = 400 | hours = 0.042
2023/03/10 07:00:41 PM > ep = 257 | total steps = 102368 | reward = 0.0 | length = 400 | hours = 0.042
2023/03/10 07:00:41 PM > ep = 258 | total steps = 102624 | reward = 0.0 | length = 400 | hours = 0.043
2023/03/10 07:00:41 PM > ep = 259 | total steps = 102656 | reward = 0.0 | length = 400 | hours = 0.043
2023/03/10 07:00:41 PM > ep = 260 | total steps = 103520 | reward = 0.0 | length = 400 | hours = 0.043
2023/03/10 07:00:41 PM > ep = 261 | total steps = 103808 | reward = 0.0 | length = 400 | hours = 0.043
2023/03/10 07:00:41 PM > ep = 262 | total steps = 104192 | reward = 0.0 | length = 400 | hours = 0.043
2023/03/10 07:00:42 PM > ep = 263 | total steps = 105568 | reward = 0.0 | length = 400 | hours = 0.043
2023/03/10 07:00:42 PM > ep = 264 | total steps = 107872 | reward = 0.0 | length = 400 | hours = 0.043
2023/03/10 07:00:42 PM > ep = 265 | total steps = 108096 | reward = 0.0 | length = 400 | hours = 0.043
2023/03/10 07:00:43 PM > ep = 266 | total steps = 112800 | reward = 0.0 | length = 400 | hours = 0.043
2023/03/10 07:00:44 PM > ep = 267 | total steps = 113152 | reward = 0.0 | length = 400 | hours = 0.043
2023/03/10 07:00:44 PM > ep = 268 | total steps = 114752 | reward = 0.0 | length = 400 | hours = 0.043
2023/03/10 07:00:44 PM > ep = 269 | total steps = 115168 | reward = 0.0 | length = 400 | hours = 0.043
2023/03/10 07:00:44 PM > ep = 270 | total steps = 115168 | reward = 0.0 | length = 400 | hours = 0.043
2023/03/10 07:00:44 PM > ep = 271 | total steps = 115168 | reward = 0.0 | length = 400 | hours = 0.043
2023/03/10 07:00:44 PM > ep = 272 | total steps = 115168 | reward = 0.0 | length = 400 | hours = 0.043
2023/03/10 07:00:44 PM > ep = 273 | total steps = 115168 | reward = 0.0 | length = 400 | hours = 0.043
2023/03/10 07:00:44 PM > ep = 274 | total steps = 115168 | reward = 0.0 | length = 400 | hours = 0.043
2023/03/10 07:00:44 PM > ep = 275 | total steps = 115168 | reward = 0.0 | length = 400 | hours = 0.043
2023/03/10 07:00:44 PM > ep = 276 | total steps = 115168 | reward = 0.0 | length = 400 | hours = 0.043
2023/03/10 07:00:44 PM > ep = 277 | total steps = 115168 | reward = 0.0 | length = 400 | hours = 0.043
2023/03/10 07:00:44 PM > ep = 278 | total steps = 115168 | reward = 0.0 | length = 400 | hours = 0.043
2023/03/10 07:00:44 PM > ep = 279 | total steps = 115168 | reward = 0.0 | length = 400 | hours = 0.043
2023/03/10 07:00:44 PM > ep = 280 | total steps = 115168 | reward = 0.0 | length = 400 | hours = 0.043
2023/03/10 07:00:44 PM > ep = 281 | total steps = 115168 | reward = 0.0 | length = 400 | hours = 0.043
2023/03/10 07:00:44 PM > ep = 282 | total steps = 115168 | reward = 0.0 | length = 400 | hours = 0.043
2023/03/10 07:00:44 PM > ep = 283 | total steps = 115168 | reward = 0.0 | length = 400 | hours = 0.043
2023/03/10 07:00:44 PM > ep = 284 | total steps = 115168 | reward = 0.0 | length = 400 | hours = 0.043
2023/03/10 07:00:44 PM > ep = 285 | total steps = 115168 | reward = 0.0 | length = 400 | hours = 0.043
2023/03/10 07:00:44 PM > ep = 286 | total steps = 115168 | reward = 0.0 | length = 400 | hours = 0.043
2023/03/10 07:00:44 PM > ep = 287 | total steps = 115168 | reward = 0.0 | length = 400 | hours = 0.043
2023/03/10 07:00:44 PM > ep = 288 | total steps = 115168 | reward = 0.0 | length = 400 | hours = 0.043
2023/03/10 07:00:44 PM > ep = 289 | total steps = 115168 | reward = 0.0 | length = 400 | hours = 0.043
2023/03/10 07:00:44 PM > ep = 290 | total steps = 115424 | reward = 0.0 | length = 400 | hours = 0.043
2023/03/10 07:00:44 PM > ep = 291 | total steps = 115456 | reward = 0.0 | length = 400 | hours = 0.043
2023/03/10 07:00:44 PM > ep = 292 | total steps = 116320 | reward = 0.0 | length = 400 | hours = 0.043
2023/03/10 07:00:44 PM > ep = 293 | total steps = 116608 | reward = 0.0 | length = 400 | hours = 0.044
2023/03/10 07:00:45 PM > ep = 294 | total steps = 116992 | reward = 0.0 | length = 400 | hours = 0.044
2023/03/10 07:00:45 PM > ep = 295 | total steps = 118368 | reward = 0.0 | length = 400 | hours = 0.044
2023/03/10 07:00:46 PM > ep = 296 | total steps = 120672 | reward = 0.0 | length = 400 | hours = 0.044
2023/03/10 07:00:46 PM > ep = 297 | total steps = 120896 | reward = 0.0 | length = 400 | hours = 0.044
2023/03/10 07:00:47 PM > ep = 298 | total steps = 125600 | reward = 0.0 | length = 400 | hours = 0.044
2023/03/10 07:00:47 PM > ep = 299 | total steps = 125952 | reward = 0.0 | length = 400 | hours = 0.044
2023/03/10 07:00:47 PM > ep = 300 | total steps = 127552 | reward = 0.0 | length = 400 | hours = 0.044
2023/03/10 07:00:47 PM > ep = 301 | total steps = 127968 | reward = 0.0 | length = 400 | hours = 0.044
2023/03/10 07:00:47 PM > ep = 302 | total steps = 127968 | reward = 0.0 | length = 400 | hours = 0.044
2023/03/10 07:00:47 PM > ep = 303 | total steps = 127968 | reward = 0.0 | length = 400 | hours = 0.044
2023/03/10 07:00:47 PM > ep = 304 | total steps = 127968 | reward = 0.0 | length = 400 | hours = 0.044
2023/03/10 07:00:47 PM > ep = 305 | total steps = 127968 | reward = 0.0 | length = 400 | hours = 0.044
2023/03/10 07:00:47 PM > ep = 306 | total steps = 127968 | reward = 0.0 | length = 400 | hours = 0.044
2023/03/10 07:00:47 PM > ep = 307 | total steps = 127968 | reward = 0.0 | length = 400 | hours = 0.044
2023/03/10 07:00:47 PM > ep = 308 | total steps = 127968 | reward = 0.0 | length = 400 | hours = 0.044
2023/03/10 07:00:47 PM > ep = 309 | total steps = 127968 | reward = 0.0 | length = 400 | hours = 0.044
2023/03/10 07:00:47 PM > ep = 310 | total steps = 127968 | reward = 0.0 | length = 400 | hours = 0.044
2023/03/10 07:00:47 PM > ep = 311 | total steps = 127968 | reward = 0.0 | length = 400 | hours = 0.044
2023/03/10 07:00:47 PM > ep = 312 | total steps = 127968 | reward = 0.0 | length = 400 | hours = 0.044
2023/03/10 07:00:47 PM > ep = 313 | total steps = 127968 | reward = 0.0 | length = 400 | hours = 0.044
2023/03/10 07:00:47 PM > ep = 314 | total steps = 127968 | reward = 0.0 | length = 400 | hours = 0.044
2023/03/10 07:00:47 PM > ep = 315 | total steps = 127968 | reward = 0.0 | length = 400 | hours = 0.044
2023/03/10 07:00:47 PM > ep = 316 | total steps = 127968 | reward = 0.0 | length = 400 | hours = 0.044
2023/03/10 07:00:47 PM > ep = 317 | total steps = 127968 | reward = 0.0 | length = 400 | hours = 0.044
2023/03/10 07:00:47 PM > ep = 318 | total steps = 127968 | reward = 0.0 | length = 400 | hours = 0.044
2023/03/10 07:00:47 PM > ep = 319 | total steps = 127968 | reward = 0.0 | length = 400 | hours = 0.044
2023/03/10 07:00:47 PM > ep = 320 | total steps = 127968 | reward = 0.0 | length = 400 | hours = 0.044
2023/03/10 07:00:47 PM > ep = 321 | total steps = 127968 | reward = 0.0 | length = 400 | hours = 0.044
2023/03/10 07:00:48 PM > ep = 322 | total steps = 128224 | reward = 0.0 | length = 400 | hours = 0.045
2023/03/10 07:00:48 PM > ep = 323 | total steps = 128256 | reward = 0.0 | length = 400 | hours = 0.045
2023/03/10 07:00:49 PM > ep = 324 | total steps = 129120 | reward = 0.0 | length = 400 | hours = 0.045
2023/03/10 07:00:49 PM > ep = 325 | total steps = 129408 | reward = 0.0 | length = 400 | hours = 0.045
2023/03/10 07:00:49 PM > ep = 326 | total steps = 129792 | reward = 0.0 | length = 400 | hours = 0.045
2023/03/10 07:00:49 PM > ep = 327 | total steps = 131168 | reward = 0.0 | length = 400 | hours = 0.045
2023/03/10 07:00:50 PM > ep = 328 | total steps = 133472 | reward = 0.0 | length = 400 | hours = 0.045
2023/03/10 07:00:50 PM > ep = 329 | total steps = 133696 | reward = 0.0 | length = 400 | hours = 0.045
2023/03/10 07:00:51 PM > ep = 330 | total steps = 138400 | reward = 0.0 | length = 400 | hours = 0.045
2023/03/10 07:00:51 PM > ep = 331 | total steps = 138752 | reward = 0.0 | length = 400 | hours = 0.045
2023/03/10 07:00:52 PM > ep = 332 | total steps = 140352 | reward = 0.0 | length = 400 | hours = 0.045
2023/03/10 07:00:52 PM > ep = 333 | total steps = 140768 | reward = 0.0 | length = 400 | hours = 0.046
2023/03/10 07:00:52 PM > ep = 334 | total steps = 140768 | reward = 0.0 | length = 400 | hours = 0.046
2023/03/10 07:00:52 PM > ep = 335 | total steps = 140768 | reward = 0.0 | length = 400 | hours = 0.046
2023/03/10 07:00:52 PM > ep = 336 | total steps = 140768 | reward = 0.0 | length = 400 | hours = 0.046
2023/03/10 07:00:52 PM > ep = 337 | total steps = 140768 | reward = 0.0 | length = 400 | hours = 0.046
2023/03/10 07:00:52 PM > ep = 338 | total steps = 140768 | reward = 0.0 | length = 400 | hours = 0.046
2023/03/10 07:00:52 PM > ep = 339 | total steps = 140768 | reward = 0.0 | length = 400 | hours = 0.046
2023/03/10 07:00:52 PM > ep = 340 | total steps = 140768 | reward = 0.0 | length = 400 | hours = 0.046
2023/03/10 07:00:52 PM > ep = 341 | total steps = 140768 | reward = 0.0 | length = 400 | hours = 0.046
2023/03/10 07:00:52 PM > ep = 342 | total steps = 140768 | reward = 0.0 | length = 400 | hours = 0.046
2023/03/10 07:00:52 PM > ep = 343 | total steps = 140768 | reward = 0.0 | length = 400 | hours = 0.046
2023/03/10 07:00:52 PM > ep = 344 | total steps = 140768 | reward = 0.0 | length = 400 | hours = 0.046
2023/03/10 07:00:52 PM > ep = 345 | total steps = 140768 | reward = 0.0 | length = 400 | hours = 0.046
2023/03/10 07:00:52 PM > ep = 346 | total steps = 140768 | reward = 0.0 | length = 400 | hours = 0.046
2023/03/10 07:00:52 PM > ep = 347 | total steps = 140768 | reward = 0.0 | length = 400 | hours = 0.046
2023/03/10 07:00:52 PM > ep = 348 | total steps = 140768 | reward = 0.0 | length = 400 | hours = 0.046
2023/03/10 07:00:52 PM > ep = 349 | total steps = 140768 | reward = 0.0 | length = 400 | hours = 0.046
2023/03/10 07:00:52 PM > ep = 350 | total steps = 140768 | reward = 0.0 | length = 400 | hours = 0.046
2023/03/10 07:00:52 PM > ep = 351 | total steps = 140768 | reward = 0.0 | length = 400 | hours = 0.046
2023/03/10 07:00:52 PM > ep = 352 | total steps = 140768 | reward = 0.0 | length = 400 | hours = 0.046
2023/03/10 07:00:52 PM > ep = 353 | total steps = 140768 | reward = 0.0 | length = 400 | hours = 0.046
2023/03/10 07:00:52 PM > ep = 354 | total steps = 141024 | reward = 0.0 | length = 400 | hours = 0.046
2023/03/10 07:00:52 PM > ep = 355 | total steps = 141056 | reward = 0.0 | length = 400 | hours = 0.046
2023/03/10 07:00:52 PM > ep = 356 | total steps = 141248 | reward = 100.0 | length = 15 | hours = 0.046
2023/03/10 07:00:52 PM > ep = 357 | total steps = 141920 | reward = 0.0 | length = 400 | hours = 0.046
2023/03/10 07:00:52 PM > ep = 358 | total steps = 142208 | reward = 0.0 | length = 400 | hours = 0.046
2023/03/10 07:00:52 PM > ep = 359 | total steps = 142592 | reward = 0.0 | length = 400 | hours = 0.046
2023/03/10 07:00:52 PM > ep = 360 | total steps = 143968 | reward = 0.0 | length = 400 | hours = 0.046
2023/03/10 07:00:52 PM > ep = 361 | total steps = 144192 | reward = 100.0 | length = 107 | hours = 0.046
2023/03/10 07:00:52 PM > ep = 362 | total steps = 144192 | reward = 100.0 | length = 107 | hours = 0.046
2023/03/10 07:00:53 PM > ep = 363 | total steps = 145504 | reward = 100.0 | length = 148 | hours = 0.046
2023/03/10 07:00:53 PM > ep = 364 | total steps = 146048 | reward = 100.0 | length = 393 | hours = 0.046
2023/03/10 07:00:53 PM > ep = 365 | total steps = 146208 | reward = 100.0 | length = 183 | hours = 0.046
2023/03/10 07:00:53 PM > ep = 366 | total steps = 146496 | reward = 0.0 | length = 400 | hours = 0.046
2023/03/10 07:00:53 PM > ep = 367 | total steps = 148896 | reward = 100.0 | length = 254 | hours = 0.046
2023/03/10 07:00:53 PM > ep = 368 | total steps = 148960 | reward = 100.0 | length = 256 | hours = 0.046
2023/03/10 07:00:54 PM > ep = 369 | total steps = 151200 | reward = 0.0 | length = 400 | hours = 0.046
2023/03/10 07:00:54 PM > ep = 370 | total steps = 151552 | reward = 0.0 | length = 400 | hours = 0.046
2023/03/10 07:00:54 PM > ep = 371 | total steps = 153568 | reward = 0.0 | length = 400 | hours = 0.046
2023/03/10 07:00:54 PM > ep = 372 | total steps = 153568 | reward = 0.0 | length = 400 | hours = 0.046
2023/03/10 07:00:54 PM > ep = 373 | total steps = 153568 | reward = 0.0 | length = 400 | hours = 0.046
2023/03/10 07:00:54 PM > ep = 374 | total steps = 153568 | reward = 0.0 | length = 400 | hours = 0.046
2023/03/10 07:00:54 PM > ep = 375 | total steps = 153568 | reward = 0.0 | length = 400 | hours = 0.046
2023/03/10 07:00:54 PM > ep = 376 | total steps = 153568 | reward = 0.0 | length = 400 | hours = 0.046
2023/03/10 07:00:54 PM > ep = 377 | total steps = 153568 | reward = 0.0 | length = 400 | hours = 0.046
2023/03/10 07:00:54 PM > ep = 378 | total steps = 153568 | reward = 0.0 | length = 400 | hours = 0.046
2023/03/10 07:00:54 PM > ep = 379 | total steps = 153568 | reward = 0.0 | length = 400 | hours = 0.046
2023/03/10 07:00:54 PM > ep = 380 | total steps = 153568 | reward = 0.0 | length = 400 | hours = 0.046
2023/03/10 07:00:54 PM > ep = 381 | total steps = 153568 | reward = 0.0 | length = 400 | hours = 0.046
2023/03/10 07:00:54 PM > ep = 382 | total steps = 153568 | reward = 0.0 | length = 400 | hours = 0.046
2023/03/10 07:00:54 PM > ep = 383 | total steps = 153568 | reward = 0.0 | length = 400 | hours = 0.046
2023/03/10 07:00:54 PM > ep = 384 | total steps = 153568 | reward = 0.0 | length = 400 | hours = 0.046
2023/03/10 07:00:54 PM > ep = 385 | total steps = 153568 | reward = 0.0 | length = 400 | hours = 0.046
2023/03/10 07:00:54 PM > ep = 386 | total steps = 153824 | reward = 0.0 | length = 400 | hours = 0.046
2023/03/10 07:00:54 PM > ep = 387 | total steps = 153856 | reward = 0.0 | length = 400 | hours = 0.046
2023/03/10 07:00:54 PM > ep = 388 | total steps = 154048 | reward = 0.0 | length = 400 | hours = 0.046
2023/03/10 07:00:55 PM > ep = 389 | total steps = 154720 | reward = 0.0 | length = 400 | hours = 0.046
2023/03/10 07:00:55 PM > ep = 390 | total steps = 155008 | reward = 0.0 | length = 400 | hours = 0.046
2023/03/10 07:00:55 PM > ep = 391 | total steps = 155392 | reward = 0.0 | length = 400 | hours = 0.046
2023/03/10 07:00:55 PM > ep = 392 | total steps = 156768 | reward = 0.0 | length = 400 | hours = 0.046
2023/03/10 07:00:55 PM > ep = 393 | total steps = 156992 | reward = 0.0 | length = 400 | hours = 0.046
2023/03/10 07:00:55 PM > ep = 394 | total steps = 156992 | reward = 0.0 | length = 400 | hours = 0.046
2023/03/10 07:00:55 PM > ep = 395 | total steps = 158304 | reward = 0.0 | length = 400 | hours = 0.047
2023/03/10 07:00:55 PM > ep = 396 | total steps = 158848 | reward = 0.0 | length = 400 | hours = 0.047
2023/03/10 07:00:55 PM > ep = 397 | total steps = 159008 | reward = 0.0 | length = 400 | hours = 0.047
2023/03/10 07:00:56 PM > ep = 398 | total steps = 159296 | reward = 0.0 | length = 400 | hours = 0.047
2023/03/10 07:00:57 PM > ep = 399 | total steps = 161696 | reward = 0.0 | length = 400 | hours = 0.047
2023/03/10 07:00:57 PM > ep = 400 | total steps = 161760 | reward = 0.0 | length = 400 | hours = 0.047
2023/03/10 07:00:57 PM > ep = 401 | total steps = 164000 | reward = 0.0 | length = 400 | hours = 0.047
2023/03/10 07:00:57 PM > ep = 402 | total steps = 164352 | reward = 0.0 | length = 400 | hours = 0.047
2023/03/10 07:00:58 PM > ep = 403 | total steps = 166368 | reward = 0.0 | length = 400 | hours = 0.047
2023/03/10 07:00:58 PM > ep = 404 | total steps = 166368 | reward = 0.0 | length = 400 | hours = 0.047
2023/03/10 07:00:58 PM > ep = 405 | total steps = 166368 | reward = 0.0 | length = 400 | hours = 0.047
2023/03/10 07:00:58 PM > ep = 406 | total steps = 166368 | reward = 0.0 | length = 400 | hours = 0.047
2023/03/10 07:00:58 PM > ep = 407 | total steps = 166368 | reward = 0.0 | length = 400 | hours = 0.047
2023/03/10 07:00:58 PM > ep = 408 | total steps = 166368 | reward = 0.0 | length = 400 | hours = 0.047
2023/03/10 07:00:58 PM > ep = 409 | total steps = 166368 | reward = 0.0 | length = 400 | hours = 0.047
2023/03/10 07:00:58 PM > ep = 410 | total steps = 166368 | reward = 0.0 | length = 400 | hours = 0.047
2023/03/10 07:00:58 PM > ep = 411 | total steps = 166368 | reward = 0.0 | length = 400 | hours = 0.047
2023/03/10 07:00:58 PM > ep = 412 | total steps = 166368 | reward = 0.0 | length = 400 | hours = 0.047
2023/03/10 07:00:58 PM > ep = 413 | total steps = 166368 | reward = 0.0 | length = 400 | hours = 0.047
2023/03/10 07:00:58 PM > ep = 414 | total steps = 166368 | reward = 0.0 | length = 400 | hours = 0.047
2023/03/10 07:00:58 PM > ep = 415 | total steps = 166368 | reward = 0.0 | length = 400 | hours = 0.047
2023/03/10 07:00:58 PM > ep = 416 | total steps = 166368 | reward = 0.0 | length = 400 | hours = 0.047
2023/03/10 07:00:58 PM > ep = 417 | total steps = 166368 | reward = 0.0 | length = 400 | hours = 0.047
2023/03/10 07:00:58 PM > ep = 418 | total steps = 166624 | reward = 0.0 | length = 400 | hours = 0.047
2023/03/10 07:00:58 PM > ep = 419 | total steps = 166656 | reward = 0.0 | length = 400 | hours = 0.047
2023/03/10 07:00:58 PM > ep = 420 | total steps = 166848 | reward = 0.0 | length = 400 | hours = 0.047
2023/03/10 07:00:58 PM > ep = 421 | total steps = 167520 | reward = 0.0 | length = 400 | hours = 0.047
2023/03/10 07:00:58 PM > ep = 422 | total steps = 167808 | reward = 0.0 | length = 400 | hours = 0.047
2023/03/10 07:00:58 PM > ep = 423 | total steps = 168192 | reward = 0.0 | length = 400 | hours = 0.047
2023/03/10 07:00:58 PM > ep = 424 | total steps = 169568 | reward = 0.0 | length = 400 | hours = 0.047
2023/03/10 07:00:58 PM > ep = 425 | total steps = 169792 | reward = 0.0 | length = 400 | hours = 0.047
2023/03/10 07:00:58 PM > ep = 426 | total steps = 169792 | reward = 0.0 | length = 400 | hours = 0.047
2023/03/10 07:00:59 PM > ep = 427 | total steps = 171104 | reward = 0.0 | length = 400 | hours = 0.047
2023/03/10 07:00:59 PM > ep = 428 | total steps = 171648 | reward = 0.0 | length = 400 | hours = 0.048
2023/03/10 07:00:59 PM > ep = 429 | total steps = 171808 | reward = 0.0 | length = 400 | hours = 0.048
2023/03/10 07:00:59 PM > ep = 430 | total steps = 172096 | reward = 0.0 | length = 400 | hours = 0.048
2023/03/10 07:00:59 PM > ep = 431 | total steps = 174496 | reward = 0.0 | length = 400 | hours = 0.048
2023/03/10 07:00:59 PM > ep = 432 | total steps = 174560 | reward = 0.0 | length = 400 | hours = 0.048
2023/03/10 07:01:00 PM > ep = 433 | total steps = 176800 | reward = 0.0 | length = 400 | hours = 0.048
2023/03/10 07:01:00 PM > ep = 434 | total steps = 177152 | reward = 0.0 | length = 400 | hours = 0.048
2023/03/10 07:01:00 PM > ep = 435 | total steps = 179168 | reward = 0.0 | length = 400 | hours = 0.048
2023/03/10 07:01:00 PM > ep = 436 | total steps = 179168 | reward = 0.0 | length = 400 | hours = 0.048
2023/03/10 07:01:00 PM > ep = 437 | total steps = 179168 | reward = 0.0 | length = 400 | hours = 0.048
2023/03/10 07:01:00 PM > ep = 438 | total steps = 179168 | reward = 0.0 | length = 400 | hours = 0.048
2023/03/10 07:01:00 PM > ep = 439 | total steps = 179168 | reward = 0.0 | length = 400 | hours = 0.048
2023/03/10 07:01:00 PM > ep = 440 | total steps = 179168 | reward = 0.0 | length = 400 | hours = 0.048
2023/03/10 07:01:00 PM > ep = 441 | total steps = 179168 | reward = 0.0 | length = 400 | hours = 0.048
2023/03/10 07:01:00 PM > ep = 442 | total steps = 179168 | reward = 0.0 | length = 400 | hours = 0.048
2023/03/10 07:01:00 PM > ep = 443 | total steps = 179168 | reward = 0.0 | length = 400 | hours = 0.048
2023/03/10 07:01:00 PM > ep = 444 | total steps = 179168 | reward = 0.0 | length = 400 | hours = 0.048
2023/03/10 07:01:00 PM > ep = 445 | total steps = 179168 | reward = 0.0 | length = 400 | hours = 0.048
2023/03/10 07:01:00 PM > ep = 446 | total steps = 179168 | reward = 0.0 | length = 400 | hours = 0.048
2023/03/10 07:01:00 PM > ep = 447 | total steps = 179168 | reward = 0.0 | length = 400 | hours = 0.048
2023/03/10 07:01:00 PM > ep = 448 | total steps = 179168 | reward = 0.0 | length = 400 | hours = 0.048
2023/03/10 07:01:00 PM > ep = 449 | total steps = 179168 | reward = 0.0 | length = 400 | hours = 0.048
2023/03/10 07:01:01 PM > ep = 450 | total steps = 179424 | reward = 0.0 | length = 400 | hours = 0.048
2023/03/10 07:01:01 PM > ep = 451 | total steps = 179456 | reward = 0.0 | length = 400 | hours = 0.048
2023/03/10 07:01:01 PM > ep = 452 | total steps = 179648 | reward = 0.0 | length = 400 | hours = 0.048
2023/03/10 07:01:01 PM > ep = 453 | total steps = 180320 | reward = 0.0 | length = 400 | hours = 0.048
2023/03/10 07:01:01 PM > ep = 454 | total steps = 180608 | reward = 0.0 | length = 400 | hours = 0.048
2023/03/10 07:01:01 PM > ep = 455 | total steps = 180992 | reward = 0.0 | length = 400 | hours = 0.048
2023/03/10 07:01:01 PM > ep = 456 | total steps = 182368 | reward = 0.0 | length = 400 | hours = 0.048
2023/03/10 07:01:01 PM > ep = 457 | total steps = 182592 | reward = 0.0 | length = 400 | hours = 0.048
2023/03/10 07:01:01 PM > ep = 458 | total steps = 182592 | reward = 0.0 | length = 400 | hours = 0.048
2023/03/10 07:01:01 PM > ep = 459 | total steps = 183904 | reward = 0.0 | length = 400 | hours = 0.048
2023/03/10 07:01:02 PM > ep = 460 | total steps = 184448 | reward = 0.0 | length = 400 | hours = 0.048
2023/03/10 07:01:02 PM > ep = 461 | total steps = 184608 | reward = 0.0 | length = 400 | hours = 0.048
2023/03/10 07:01:02 PM > ep = 462 | total steps = 184896 | reward = 0.0 | length = 400 | hours = 0.048
2023/03/10 07:01:02 PM > ep = 463 | total steps = 187296 | reward = 0.0 | length = 400 | hours = 0.048
2023/03/10 07:01:02 PM > ep = 464 | total steps = 187360 | reward = 0.0 | length = 400 | hours = 0.048
2023/03/10 07:01:03 PM > ep = 465 | total steps = 189600 | reward = 0.0 | length = 400 | hours = 0.049
2023/03/10 07:01:03 PM > ep = 466 | total steps = 189952 | reward = 0.0 | length = 400 | hours = 0.049
2023/03/10 07:01:03 PM > ep = 467 | total steps = 191968 | reward = 0.0 | length = 400 | hours = 0.049
2023/03/10 07:01:03 PM > ep = 468 | total steps = 191968 | reward = 0.0 | length = 400 | hours = 0.049
2023/03/10 07:01:03 PM > ep = 469 | total steps = 191968 | reward = 0.0 | length = 400 | hours = 0.049
2023/03/10 07:01:03 PM > ep = 470 | total steps = 191968 | reward = 0.0 | length = 400 | hours = 0.049
2023/03/10 07:01:03 PM > ep = 471 | total steps = 191968 | reward = 0.0 | length = 400 | hours = 0.049
2023/03/10 07:01:03 PM > ep = 472 | total steps = 191968 | reward = 0.0 | length = 400 | hours = 0.049
2023/03/10 07:01:03 PM > ep = 473 | total steps = 191968 | reward = 0.0 | length = 400 | hours = 0.049
2023/03/10 07:01:03 PM > ep = 474 | total steps = 191968 | reward = 0.0 | length = 400 | hours = 0.049
2023/03/10 07:01:03 PM > ep = 475 | total steps = 191968 | reward = 0.0 | length = 400 | hours = 0.049
2023/03/10 07:01:03 PM > ep = 476 | total steps = 191968 | reward = 0.0 | length = 400 | hours = 0.049
2023/03/10 07:01:03 PM > ep = 477 | total steps = 191968 | reward = 0.0 | length = 400 | hours = 0.049
2023/03/10 07:01:03 PM > ep = 478 | total steps = 191968 | reward = 0.0 | length = 400 | hours = 0.049
2023/03/10 07:01:03 PM > ep = 479 | total steps = 191968 | reward = 0.0 | length = 400 | hours = 0.049
2023/03/10 07:01:03 PM > ep = 480 | total steps = 191968 | reward = 0.0 | length = 400 | hours = 0.049
2023/03/10 07:01:03 PM > ep = 481 | total steps = 191968 | reward = 0.0 | length = 400 | hours = 0.049
2023/03/10 07:01:04 PM > ep = 482 | total steps = 192224 | reward = 0.0 | length = 400 | hours = 0.049
2023/03/10 07:01:04 PM > ep = 483 | total steps = 192256 | reward = 0.0 | length = 400 | hours = 0.049
2023/03/10 07:01:04 PM > ep = 484 | total steps = 192448 | reward = 0.0 | length = 400 | hours = 0.049
2023/03/10 07:01:04 PM > ep = 485 | total steps = 193120 | reward = 0.0 | length = 400 | hours = 0.049
2023/03/10 07:01:04 PM > ep = 486 | total steps = 193408 | reward = 0.0 | length = 400 | hours = 0.049
2023/03/10 07:01:05 PM > ep = 487 | total steps = 193792 | reward = 0.0 | length = 400 | hours = 0.049
2023/03/10 07:01:05 PM > ep = 488 | total steps = 195168 | reward = 0.0 | length = 400 | hours = 0.049
2023/03/10 07:01:05 PM > ep = 489 | total steps = 195392 | reward = 0.0 | length = 400 | hours = 0.049
2023/03/10 07:01:05 PM > ep = 490 | total steps = 195392 | reward = 0.0 | length = 400 | hours = 0.049
2023/03/10 07:01:05 PM > ep = 491 | total steps = 196704 | reward = 0.0 | length = 400 | hours = 0.049
2023/03/10 07:01:05 PM > ep = 492 | total steps = 197248 | reward = 0.0 | length = 400 | hours = 0.049
2023/03/10 07:01:05 PM > ep = 493 | total steps = 197408 | reward = 0.0 | length = 400 | hours = 0.049
2023/03/10 07:01:05 PM > ep = 494 | total steps = 197696 | reward = 0.0 | length = 400 | hours = 0.049
2023/03/10 07:01:06 PM > ep = 495 | total steps = 200096 | reward = 0.0 | length = 400 | hours = 0.050
2023/03/10 07:01:06 PM > ep = 496 | total steps = 200160 | reward = 0.0 | length = 400 | hours = 0.050
2023/03/10 07:01:07 PM > ep = 497 | total steps = 202400 | reward = 0.0 | length = 400 | hours = 0.050
2023/03/10 07:01:07 PM > ep = 498 | total steps = 202752 | reward = 0.0 | length = 400 | hours = 0.050
2023/03/10 07:01:07 PM > ep = 499 | total steps = 204768 | reward = 0.0 | length = 400 | hours = 0.050
2023/03/10 07:01:07 PM > ep = 500 | total steps = 204768 | reward = 0.0 | length = 400 | hours = 0.050
2023/03/10 07:01:07 PM > ep = 501 | total steps = 204768 | reward = 0.0 | length = 400 | hours = 0.050
2023/03/10 07:01:07 PM > ep = 502 | total steps = 204768 | reward = 0.0 | length = 400 | hours = 0.050
2023/03/10 07:01:07 PM > ep = 503 | total steps = 204768 | reward = 0.0 | length = 400 | hours = 0.050
2023/03/10 07:01:07 PM > ep = 504 | total steps = 204768 | reward = 0.0 | length = 400 | hours = 0.050
2023/03/10 07:01:07 PM > ep = 505 | total steps = 204768 | reward = 0.0 | length = 400 | hours = 0.050
2023/03/10 07:01:07 PM > ep = 506 | total steps = 204768 | reward = 0.0 | length = 400 | hours = 0.050
2023/03/10 07:01:07 PM > ep = 507 | total steps = 204768 | reward = 0.0 | length = 400 | hours = 0.050
2023/03/10 07:01:07 PM > ep = 508 | total steps = 204768 | reward = 0.0 | length = 400 | hours = 0.050
2023/03/10 07:01:07 PM > ep = 509 | total steps = 204768 | reward = 0.0 | length = 400 | hours = 0.050
2023/03/10 07:01:07 PM > ep = 510 | total steps = 204768 | reward = 0.0 | length = 400 | hours = 0.050
2023/03/10 07:01:07 PM > ep = 511 | total steps = 204768 | reward = 0.0 | length = 400 | hours = 0.050
2023/03/10 07:01:07 PM > ep = 512 | total steps = 204768 | reward = 0.0 | length = 400 | hours = 0.050
2023/03/10 07:01:07 PM > ep = 513 | total steps = 204768 | reward = 0.0 | length = 400 | hours = 0.050
2023/03/10 07:01:07 PM > ep = 514 | total steps = 205024 | reward = 0.0 | length = 400 | hours = 0.050
2023/03/10 07:01:07 PM > ep = 515 | total steps = 205056 | reward = 0.0 | length = 400 | hours = 0.050
2023/03/10 07:01:07 PM > ep = 516 | total steps = 205248 | reward = 0.0 | length = 400 | hours = 0.050
2023/03/10 07:01:08 PM > ep = 517 | total steps = 205920 | reward = 0.0 | length = 400 | hours = 0.050
2023/03/10 07:01:08 PM > ep = 518 | total steps = 206208 | reward = 0.0 | length = 400 | hours = 0.050
2023/03/10 07:01:08 PM > ep = 519 | total steps = 206592 | reward = 0.0 | length = 400 | hours = 0.050
2023/03/10 07:01:08 PM > ep = 520 | total steps = 207968 | reward = 0.0 | length = 400 | hours = 0.050
2023/03/10 07:01:08 PM > ep = 521 | total steps = 208192 | reward = 0.0 | length = 400 | hours = 0.050
2023/03/10 07:01:08 PM > ep = 522 | total steps = 208192 | reward = 0.0 | length = 400 | hours = 0.050
2023/03/10 07:01:08 PM > ep = 523 | total steps = 209504 | reward = 0.0 | length = 400 | hours = 0.050
2023/03/10 07:01:08 PM > ep = 524 | total steps = 210048 | reward = 0.0 | length = 400 | hours = 0.050
2023/03/10 07:01:08 PM > ep = 525 | total steps = 210208 | reward = 0.0 | length = 400 | hours = 0.050
2023/03/10 07:01:09 PM > ep = 526 | total steps = 210496 | reward = 0.0 | length = 400 | hours = 0.050
2023/03/10 07:01:09 PM > ep = 527 | total steps = 212896 | reward = 0.0 | length = 400 | hours = 0.050
2023/03/10 07:01:09 PM > ep = 528 | total steps = 212960 | reward = 0.0 | length = 400 | hours = 0.050
2023/03/10 07:01:10 PM > ep = 529 | total steps = 215200 | reward = 0.0 | length = 400 | hours = 0.051
2023/03/10 07:01:10 PM > ep = 530 | total steps = 215552 | reward = 0.0 | length = 400 | hours = 0.051
2023/03/10 07:01:10 PM > ep = 531 | total steps = 217568 | reward = 0.0 | length = 400 | hours = 0.051
2023/03/10 07:01:10 PM > ep = 532 | total steps = 217568 | reward = 0.0 | length = 400 | hours = 0.051
2023/03/10 07:01:10 PM > ep = 533 | total steps = 217568 | reward = 0.0 | length = 400 | hours = 0.051
2023/03/10 07:01:10 PM > ep = 534 | total steps = 217568 | reward = 0.0 | length = 400 | hours = 0.051
2023/03/10 07:01:10 PM > ep = 535 | total steps = 217568 | reward = 0.0 | length = 400 | hours = 0.051
2023/03/10 07:01:10 PM > ep = 536 | total steps = 217568 | reward = 0.0 | length = 400 | hours = 0.051
2023/03/10 07:01:10 PM > ep = 537 | total steps = 217568 | reward = 0.0 | length = 400 | hours = 0.051
2023/03/10 07:01:10 PM > ep = 538 | total steps = 217568 | reward = 0.0 | length = 400 | hours = 0.051
2023/03/10 07:01:10 PM > ep = 539 | total steps = 217568 | reward = 0.0 | length = 400 | hours = 0.051
2023/03/10 07:01:10 PM > ep = 540 | total steps = 217568 | reward = 0.0 | length = 400 | hours = 0.051
2023/03/10 07:01:10 PM > ep = 541 | total steps = 217568 | reward = 0.0 | length = 400 | hours = 0.051
2023/03/10 07:01:10 PM > ep = 542 | total steps = 217568 | reward = 0.0 | length = 400 | hours = 0.051
2023/03/10 07:01:10 PM > ep = 543 | total steps = 217568 | reward = 0.0 | length = 400 | hours = 0.051
2023/03/10 07:01:10 PM > ep = 544 | total steps = 217568 | reward = 0.0 | length = 400 | hours = 0.051
2023/03/10 07:01:10 PM > ep = 545 | total steps = 217568 | reward = 0.0 | length = 400 | hours = 0.051
2023/03/10 07:01:10 PM > ep = 546 | total steps = 217824 | reward = 0.0 | length = 400 | hours = 0.051
2023/03/10 07:01:10 PM > ep = 547 | total steps = 217856 | reward = 0.0 | length = 400 | hours = 0.051
2023/03/10 07:01:10 PM > ep = 548 | total steps = 218048 | reward = 0.0 | length = 400 | hours = 0.051
2023/03/10 07:01:10 PM > ep = 549 | total steps = 218720 | reward = 0.0 | length = 400 | hours = 0.051
2023/03/10 07:01:10 PM > ep = 550 | total steps = 219008 | reward = 0.0 | length = 400 | hours = 0.051
2023/03/10 07:01:11 PM > ep = 551 | total steps = 219392 | reward = 0.0 | length = 400 | hours = 0.051
2023/03/10 07:01:11 PM > ep = 552 | total steps = 220768 | reward = 0.0 | length = 400 | hours = 0.051
2023/03/10 07:01:11 PM > ep = 553 | total steps = 220992 | reward = 0.0 | length = 400 | hours = 0.051
2023/03/10 07:01:11 PM > ep = 554 | total steps = 220992 | reward = 0.0 | length = 400 | hours = 0.051
2023/03/10 07:01:12 PM > ep = 555 | total steps = 222304 | reward = 0.0 | length = 400 | hours = 0.051
2023/03/10 07:01:12 PM > ep = 556 | total steps = 222848 | reward = 0.0 | length = 400 | hours = 0.051
2023/03/10 07:01:12 PM > ep = 557 | total steps = 223008 | reward = 0.0 | length = 400 | hours = 0.051
2023/03/10 07:01:12 PM > ep = 558 | total steps = 223296 | reward = 0.0 | length = 400 | hours = 0.051
2023/03/10 07:01:13 PM > ep = 559 | total steps = 225696 | reward = 0.0 | length = 400 | hours = 0.052
2023/03/10 07:01:13 PM > ep = 560 | total steps = 225760 | reward = 0.0 | length = 400 | hours = 0.052
2023/03/10 07:01:14 PM > ep = 561 | total steps = 228000 | reward = 0.0 | length = 400 | hours = 0.052
2023/03/10 07:01:14 PM > ep = 562 | total steps = 228352 | reward = 0.0 | length = 400 | hours = 0.052
2023/03/10 07:01:15 PM > ep = 563 | total steps = 230368 | reward = 0.0 | length = 400 | hours = 0.052
2023/03/10 07:01:15 PM > ep = 564 | total steps = 230368 | reward = 0.0 | length = 400 | hours = 0.052
2023/03/10 07:01:15 PM > ep = 565 | total steps = 230368 | reward = 0.0 | length = 400 | hours = 0.052
2023/03/10 07:01:15 PM > ep = 566 | total steps = 230368 | reward = 0.0 | length = 400 | hours = 0.052
2023/03/10 07:01:15 PM > ep = 567 | total steps = 230368 | reward = 0.0 | length = 400 | hours = 0.052
2023/03/10 07:01:15 PM > ep = 568 | total steps = 230368 | reward = 0.0 | length = 400 | hours = 0.052
2023/03/10 07:01:15 PM > ep = 569 | total steps = 230368 | reward = 0.0 | length = 400 | hours = 0.052
2023/03/10 07:01:15 PM > ep = 570 | total steps = 230368 | reward = 0.0 | length = 400 | hours = 0.052
2023/03/10 07:01:15 PM > ep = 571 | total steps = 230368 | reward = 0.0 | length = 400 | hours = 0.052
2023/03/10 07:01:15 PM > ep = 572 | total steps = 230368 | reward = 0.0 | length = 400 | hours = 0.052
2023/03/10 07:01:15 PM > ep = 573 | total steps = 230368 | reward = 0.0 | length = 400 | hours = 0.052
2023/03/10 07:01:15 PM > ep = 574 | total steps = 230368 | reward = 0.0 | length = 400 | hours = 0.052
2023/03/10 07:01:15 PM > ep = 575 | total steps = 230368 | reward = 0.0 | length = 400 | hours = 0.052
2023/03/10 07:01:15 PM > ep = 576 | total steps = 230368 | reward = 0.0 | length = 400 | hours = 0.052
2023/03/10 07:01:15 PM > ep = 577 | total steps = 230368 | reward = 0.0 | length = 400 | hours = 0.052
2023/03/10 07:01:15 PM > ep = 578 | total steps = 230624 | reward = 0.0 | length = 400 | hours = 0.052
2023/03/10 07:01:15 PM > ep = 579 | total steps = 230656 | reward = 0.0 | length = 400 | hours = 0.052
2023/03/10 07:01:15 PM > ep = 580 | total steps = 230848 | reward = 0.0 | length = 400 | hours = 0.052
2023/03/10 07:01:15 PM > ep = 581 | total steps = 231520 | reward = 0.0 | length = 400 | hours = 0.052
2023/03/10 07:01:15 PM > ep = 582 | total steps = 231808 | reward = 0.0 | length = 400 | hours = 0.052
2023/03/10 07:01:15 PM > ep = 583 | total steps = 232192 | reward = 0.0 | length = 400 | hours = 0.052
2023/03/10 07:01:16 PM > ep = 584 | total steps = 233568 | reward = 0.0 | length = 400 | hours = 0.052
2023/03/10 07:01:16 PM > ep = 585 | total steps = 233792 | reward = 0.0 | length = 400 | hours = 0.052
2023/03/10 07:01:16 PM > ep = 586 | total steps = 233792 | reward = 0.0 | length = 400 | hours = 0.052
2023/03/10 07:01:16 PM > ep = 587 | total steps = 235104 | reward = 0.0 | length = 400 | hours = 0.052
2023/03/10 07:01:16 PM > ep = 588 | total steps = 235648 | reward = 0.0 | length = 400 | hours = 0.052
2023/03/10 07:01:16 PM > ep = 589 | total steps = 235808 | reward = 0.0 | length = 400 | hours = 0.052
2023/03/10 07:01:16 PM > ep = 590 | total steps = 236096 | reward = 0.0 | length = 400 | hours = 0.052
2023/03/10 07:01:17 PM > ep = 591 | total steps = 238496 | reward = 0.0 | length = 400 | hours = 0.053
2023/03/10 07:01:17 PM > ep = 592 | total steps = 238560 | reward = 0.0 | length = 400 | hours = 0.053
2023/03/10 07:01:18 PM > ep = 593 | total steps = 240800 | reward = 0.0 | length = 400 | hours = 0.053
2023/03/10 07:01:18 PM > ep = 594 | total steps = 241152 | reward = 0.0 | length = 400 | hours = 0.053
2023/03/10 07:01:18 PM > ep = 595 | total steps = 243168 | reward = 0.0 | length = 400 | hours = 0.053
2023/03/10 07:01:18 PM > ep = 596 | total steps = 243168 | reward = 0.0 | length = 400 | hours = 0.053
2023/03/10 07:01:18 PM > ep = 597 | total steps = 243168 | reward = 0.0 | length = 400 | hours = 0.053
2023/03/10 07:01:18 PM > ep = 598 | total steps = 243168 | reward = 0.0 | length = 400 | hours = 0.053
2023/03/10 07:01:18 PM > ep = 599 | total steps = 243168 | reward = 0.0 | length = 400 | hours = 0.053
2023/03/10 07:01:18 PM > ep = 600 | total steps = 243168 | reward = 0.0 | length = 400 | hours = 0.053
2023/03/10 07:01:18 PM > ep = 601 | total steps = 243168 | reward = 0.0 | length = 400 | hours = 0.053
2023/03/10 07:01:18 PM > ep = 602 | total steps = 243168 | reward = 0.0 | length = 400 | hours = 0.053
2023/03/10 07:01:18 PM > ep = 603 | total steps = 243168 | reward = 0.0 | length = 400 | hours = 0.053
2023/03/10 07:01:18 PM > ep = 604 | total steps = 243168 | reward = 0.0 | length = 400 | hours = 0.053
2023/03/10 07:01:18 PM > ep = 605 | total steps = 243168 | reward = 0.0 | length = 400 | hours = 0.053
2023/03/10 07:01:18 PM > ep = 606 | total steps = 243168 | reward = 0.0 | length = 400 | hours = 0.053
2023/03/10 07:01:18 PM > ep = 607 | total steps = 243168 | reward = 0.0 | length = 400 | hours = 0.053
2023/03/10 07:01:18 PM > ep = 608 | total steps = 243168 | reward = 0.0 | length = 400 | hours = 0.053
2023/03/10 07:01:18 PM > ep = 609 | total steps = 243168 | reward = 0.0 | length = 400 | hours = 0.053
2023/03/10 07:01:18 PM > ep = 610 | total steps = 243424 | reward = 0.0 | length = 400 | hours = 0.053
2023/03/10 07:01:18 PM > ep = 611 | total steps = 243456 | reward = 0.0 | length = 400 | hours = 0.053
2023/03/10 07:01:19 PM > ep = 612 | total steps = 243648 | reward = 0.0 | length = 400 | hours = 0.053
2023/03/10 07:01:19 PM > ep = 613 | total steps = 244320 | reward = 0.0 | length = 400 | hours = 0.053
2023/03/10 07:01:19 PM > ep = 614 | total steps = 244608 | reward = 0.0 | length = 400 | hours = 0.053
2023/03/10 07:01:19 PM > ep = 615 | total steps = 244992 | reward = 0.0 | length = 400 | hours = 0.053
2023/03/10 07:01:19 PM > ep = 616 | total steps = 246368 | reward = 0.0 | length = 400 | hours = 0.053
2023/03/10 07:01:19 PM > ep = 617 | total steps = 246592 | reward = 0.0 | length = 400 | hours = 0.053
2023/03/10 07:01:19 PM > ep = 618 | total steps = 246592 | reward = 0.0 | length = 400 | hours = 0.053
2023/03/10 07:01:20 PM > ep = 619 | total steps = 247904 | reward = 0.0 | length = 400 | hours = 0.053
2023/03/10 07:01:20 PM > ep = 620 | total steps = 248448 | reward = 0.0 | length = 400 | hours = 0.053
2023/03/10 07:01:20 PM > ep = 621 | total steps = 248608 | reward = 0.0 | length = 400 | hours = 0.053
2023/03/10 07:01:20 PM > ep = 622 | total steps = 248896 | reward = 0.0 | length = 400 | hours = 0.053
2023/03/10 07:01:21 PM > ep = 623 | total steps = 251296 | reward = 0.0 | length = 400 | hours = 0.054
2023/03/10 07:01:21 PM > ep = 624 | total steps = 251360 | reward = 0.0 | length = 400 | hours = 0.054
2023/03/10 07:01:21 PM > ep = 625 | total steps = 253600 | reward = 0.0 | length = 400 | hours = 0.054
2023/03/10 07:01:21 PM > ep = 626 | total steps = 253952 | reward = 0.0 | length = 400 | hours = 0.054
2023/03/10 07:01:22 PM > ep = 627 | total steps = 255968 | reward = 0.0 | length = 400 | hours = 0.054
2023/03/10 07:01:22 PM > ep = 628 | total steps = 255968 | reward = 0.0 | length = 400 | hours = 0.054
2023/03/10 07:01:22 PM > ep = 629 | total steps = 255968 | reward = 0.0 | length = 400 | hours = 0.054
2023/03/10 07:01:22 PM > ep = 630 | total steps = 255968 | reward = 0.0 | length = 400 | hours = 0.054
2023/03/10 07:01:22 PM > ep = 631 | total steps = 255968 | reward = 0.0 | length = 400 | hours = 0.054
2023/03/10 07:01:22 PM > ep = 632 | total steps = 255968 | reward = 0.0 | length = 400 | hours = 0.054
2023/03/10 07:01:22 PM > ep = 633 | total steps = 255968 | reward = 0.0 | length = 400 | hours = 0.054
2023/03/10 07:01:22 PM > ep = 634 | total steps = 255968 | reward = 0.0 | length = 400 | hours = 0.054
2023/03/10 07:01:22 PM > ep = 635 | total steps = 255968 | reward = 0.0 | length = 400 | hours = 0.054
2023/03/10 07:01:22 PM > ep = 636 | total steps = 255968 | reward = 0.0 | length = 400 | hours = 0.054
2023/03/10 07:01:22 PM > ep = 637 | total steps = 255968 | reward = 0.0 | length = 400 | hours = 0.054
2023/03/10 07:01:22 PM > ep = 638 | total steps = 255968 | reward = 0.0 | length = 400 | hours = 0.054
2023/03/10 07:01:22 PM > ep = 639 | total steps = 255968 | reward = 0.0 | length = 400 | hours = 0.054
2023/03/10 07:01:22 PM > ep = 640 | total steps = 255968 | reward = 0.0 | length = 400 | hours = 0.054
2023/03/10 07:01:22 PM > ep = 641 | total steps = 255968 | reward = 0.0 | length = 400 | hours = 0.054
2023/03/10 07:01:23 PM > ep = 642 | total steps = 256224 | reward = 0.0 | length = 400 | hours = 0.054
2023/03/10 07:01:23 PM > ep = 643 | total steps = 256256 | reward = 0.0 | length = 400 | hours = 0.054
2023/03/10 07:01:23 PM > ep = 644 | total steps = 256448 | reward = 0.0 | length = 400 | hours = 0.054
2023/03/10 07:01:23 PM > ep = 645 | total steps = 257120 | reward = 0.0 | length = 400 | hours = 0.054
2023/03/10 07:01:23 PM > ep = 646 | total steps = 257408 | reward = 0.0 | length = 400 | hours = 0.054
2023/03/10 07:01:23 PM > ep = 647 | total steps = 257792 | reward = 0.0 | length = 400 | hours = 0.054
2023/03/10 07:01:24 PM > ep = 648 | total steps = 259168 | reward = 0.0 | length = 400 | hours = 0.054
2023/03/10 07:01:24 PM > ep = 649 | total steps = 259392 | reward = 0.0 | length = 400 | hours = 0.054
2023/03/10 07:01:24 PM > ep = 650 | total steps = 259392 | reward = 0.0 | length = 400 | hours = 0.054
2023/03/10 07:01:24 PM > ep = 651 | total steps = 260704 | reward = 0.0 | length = 400 | hours = 0.055
2023/03/10 07:01:24 PM > ep = 652 | total steps = 261248 | reward = 0.0 | length = 400 | hours = 0.055
2023/03/10 07:01:24 PM > ep = 653 | total steps = 261408 | reward = 0.0 | length = 400 | hours = 0.055
2023/03/10 07:01:25 PM > ep = 654 | total steps = 261696 | reward = 0.0 | length = 400 | hours = 0.055
2023/03/10 07:01:25 PM > ep = 655 | total steps = 264096 | reward = 0.0 | length = 400 | hours = 0.055
2023/03/10 07:01:25 PM > ep = 656 | total steps = 264160 | reward = 0.0 | length = 400 | hours = 0.055
2023/03/10 07:01:26 PM > ep = 657 | total steps = 266400 | reward = 0.0 | length = 400 | hours = 0.055
2023/03/10 07:01:26 PM > ep = 658 | total steps = 266752 | reward = 0.0 | length = 400 | hours = 0.055
2023/03/10 07:01:27 PM > ep = 659 | total steps = 268768 | reward = 0.0 | length = 400 | hours = 0.055
2023/03/10 07:01:27 PM > ep = 660 | total steps = 268768 | reward = 0.0 | length = 400 | hours = 0.055
2023/03/10 07:01:27 PM > ep = 661 | total steps = 268768 | reward = 0.0 | length = 400 | hours = 0.055
2023/03/10 07:01:27 PM > ep = 662 | total steps = 268768 | reward = 0.0 | length = 400 | hours = 0.055
2023/03/10 07:01:27 PM > ep = 663 | total steps = 268768 | reward = 0.0 | length = 400 | hours = 0.055
2023/03/10 07:01:27 PM > ep = 664 | total steps = 268768 | reward = 0.0 | length = 400 | hours = 0.055
2023/03/10 07:01:27 PM > ep = 665 | total steps = 268768 | reward = 0.0 | length = 400 | hours = 0.055
2023/03/10 07:01:27 PM > ep = 666 | total steps = 268768 | reward = 0.0 | length = 400 | hours = 0.055
2023/03/10 07:01:27 PM > ep = 667 | total steps = 268768 | reward = 0.0 | length = 400 | hours = 0.055
2023/03/10 07:01:27 PM > ep = 668 | total steps = 268768 | reward = 0.0 | length = 400 | hours = 0.055
2023/03/10 07:01:27 PM > ep = 669 | total steps = 268768 | reward = 0.0 | length = 400 | hours = 0.055
2023/03/10 07:01:27 PM > ep = 670 | total steps = 268768 | reward = 0.0 | length = 400 | hours = 0.055
2023/03/10 07:01:27 PM > ep = 671 | total steps = 268768 | reward = 0.0 | length = 400 | hours = 0.055
2023/03/10 07:01:27 PM > ep = 672 | total steps = 268768 | reward = 0.0 | length = 400 | hours = 0.055
2023/03/10 07:01:27 PM > ep = 673 | total steps = 268768 | reward = 0.0 | length = 400 | hours = 0.055
2023/03/10 07:01:27 PM > ep = 674 | total steps = 269024 | reward = 0.0 | length = 400 | hours = 0.055
2023/03/10 07:01:27 PM > ep = 675 | total steps = 269056 | reward = 0.0 | length = 400 | hours = 0.055
2023/03/10 07:01:27 PM > ep = 676 | total steps = 269248 | reward = 0.0 | length = 400 | hours = 0.055
2023/03/10 07:01:27 PM > ep = 677 | total steps = 269920 | reward = 0.0 | length = 400 | hours = 0.055
2023/03/10 07:01:27 PM > ep = 678 | total steps = 270208 | reward = 0.0 | length = 400 | hours = 0.055
2023/03/10 07:01:27 PM > ep = 679 | total steps = 270592 | reward = 0.0 | length = 400 | hours = 0.055
2023/03/10 07:01:27 PM > ep = 680 | total steps = 271968 | reward = 0.0 | length = 400 | hours = 0.055
2023/03/10 07:01:28 PM > ep = 681 | total steps = 272192 | reward = 0.0 | length = 400 | hours = 0.055
2023/03/10 07:01:28 PM > ep = 682 | total steps = 272192 | reward = 0.0 | length = 400 | hours = 0.055
2023/03/10 07:01:28 PM > ep = 683 | total steps = 273504 | reward = 0.0 | length = 400 | hours = 0.056
2023/03/10 07:01:28 PM > ep = 684 | total steps = 274048 | reward = 0.0 | length = 400 | hours = 0.056
2023/03/10 07:01:28 PM > ep = 685 | total steps = 274208 | reward = 0.0 | length = 400 | hours = 0.056
2023/03/10 07:01:28 PM > ep = 686 | total steps = 274496 | reward = 0.0 | length = 400 | hours = 0.056
2023/03/10 07:01:29 PM > ep = 687 | total steps = 276896 | reward = 0.0 | length = 400 | hours = 0.056
2023/03/10 07:01:29 PM > ep = 688 | total steps = 276960 | reward = 0.0 | length = 400 | hours = 0.056
2023/03/10 07:01:29 PM > ep = 689 | total steps = 279200 | reward = 0.0 | length = 400 | hours = 0.056
2023/03/10 07:01:30 PM > ep = 690 | total steps = 279552 | reward = 0.0 | length = 400 | hours = 0.056
2023/03/10 07:01:30 PM > ep = 691 | total steps = 281568 | reward = 0.0 | length = 400 | hours = 0.056
2023/03/10 07:01:30 PM > ep = 692 | total steps = 281568 | reward = 0.0 | length = 400 | hours = 0.056
2023/03/10 07:01:30 PM > ep = 693 | total steps = 281568 | reward = 0.0 | length = 400 | hours = 0.056
2023/03/10 07:01:30 PM > ep = 694 | total steps = 281568 | reward = 0.0 | length = 400 | hours = 0.056
2023/03/10 07:01:30 PM > ep = 695 | total steps = 281568 | reward = 0.0 | length = 400 | hours = 0.056
2023/03/10 07:01:30 PM > ep = 696 | total steps = 281568 | reward = 0.0 | length = 400 | hours = 0.056
2023/03/10 07:01:30 PM > ep = 697 | total steps = 281568 | reward = 0.0 | length = 400 | hours = 0.056
2023/03/10 07:01:30 PM > ep = 698 | total steps = 281568 | reward = 0.0 | length = 400 | hours = 0.056
2023/03/10 07:01:30 PM > ep = 699 | total steps = 281568 | reward = 0.0 | length = 400 | hours = 0.056
2023/03/10 07:01:30 PM > ep = 700 | total steps = 281568 | reward = 0.0 | length = 400 | hours = 0.056
2023/03/10 07:01:30 PM > ep = 701 | total steps = 281568 | reward = 0.0 | length = 400 | hours = 0.056
2023/03/10 07:01:30 PM > ep = 702 | total steps = 281568 | reward = 0.0 | length = 400 | hours = 0.056
2023/03/10 07:01:30 PM > ep = 703 | total steps = 281568 | reward = 0.0 | length = 400 | hours = 0.056
2023/03/10 07:01:30 PM > ep = 704 | total steps = 281568 | reward = 0.0 | length = 400 | hours = 0.056
2023/03/10 07:01:30 PM > ep = 705 | total steps = 281568 | reward = 0.0 | length = 400 | hours = 0.056
2023/03/10 07:01:30 PM > ep = 706 | total steps = 281824 | reward = 0.0 | length = 400 | hours = 0.056
2023/03/10 07:01:30 PM > ep = 707 | total steps = 281856 | reward = 0.0 | length = 400 | hours = 0.056
2023/03/10 07:01:30 PM > ep = 708 | total steps = 282048 | reward = 0.0 | length = 400 | hours = 0.056
2023/03/10 07:01:30 PM > ep = 709 | total steps = 282720 | reward = 0.0 | length = 400 | hours = 0.056
2023/03/10 07:01:30 PM > ep = 710 | total steps = 283008 | reward = 0.0 | length = 400 | hours = 0.056
2023/03/10 07:01:31 PM > ep = 711 | total steps = 283392 | reward = 0.0 | length = 400 | hours = 0.056
2023/03/10 07:01:31 PM > ep = 712 | total steps = 284768 | reward = 0.0 | length = 400 | hours = 0.056
2023/03/10 07:01:31 PM > ep = 713 | total steps = 284992 | reward = 0.0 | length = 400 | hours = 0.056
2023/03/10 07:01:31 PM > ep = 714 | total steps = 284992 | reward = 0.0 | length = 400 | hours = 0.056
2023/03/10 07:01:31 PM > ep = 715 | total steps = 286304 | reward = 0.0 | length = 400 | hours = 0.057
2023/03/10 07:01:31 PM > ep = 716 | total steps = 286848 | reward = 0.0 | length = 400 | hours = 0.057
2023/03/10 07:01:31 PM > ep = 717 | total steps = 287008 | reward = 0.0 | length = 400 | hours = 0.057
2023/03/10 07:01:32 PM > ep = 718 | total steps = 287296 | reward = 0.0 | length = 400 | hours = 0.057
2023/03/10 07:01:33 PM > ep = 719 | total steps = 289696 | reward = 0.0 | length = 400 | hours = 0.057
2023/03/10 07:01:33 PM > ep = 720 | total steps = 289760 | reward = 0.0 | length = 400 | hours = 0.057
2023/03/10 07:01:34 PM > ep = 721 | total steps = 292000 | reward = 0.0 | length = 400 | hours = 0.057
2023/03/10 07:01:34 PM > ep = 722 | total steps = 292352 | reward = 0.0 | length = 400 | hours = 0.057
2023/03/10 07:01:34 PM > ep = 723 | total steps = 294368 | reward = 0.0 | length = 400 | hours = 0.057
2023/03/10 07:01:34 PM > ep = 724 | total steps = 294368 | reward = 0.0 | length = 400 | hours = 0.057
2023/03/10 07:01:34 PM > ep = 725 | total steps = 294368 | reward = 0.0 | length = 400 | hours = 0.057
2023/03/10 07:01:34 PM > ep = 726 | total steps = 294368 | reward = 0.0 | length = 400 | hours = 0.057
2023/03/10 07:01:34 PM > ep = 727 | total steps = 294368 | reward = 0.0 | length = 400 | hours = 0.057
2023/03/10 07:01:34 PM > ep = 728 | total steps = 294368 | reward = 0.0 | length = 400 | hours = 0.057
2023/03/10 07:01:34 PM > ep = 729 | total steps = 294368 | reward = 0.0 | length = 400 | hours = 0.057
2023/03/10 07:01:34 PM > ep = 730 | total steps = 294368 | reward = 0.0 | length = 400 | hours = 0.057
2023/03/10 07:01:34 PM > ep = 731 | total steps = 294368 | reward = 0.0 | length = 400 | hours = 0.057
2023/03/10 07:01:34 PM > ep = 732 | total steps = 294368 | reward = 0.0 | length = 400 | hours = 0.057
2023/03/10 07:01:34 PM > ep = 733 | total steps = 294368 | reward = 0.0 | length = 400 | hours = 0.057
2023/03/10 07:01:34 PM > ep = 734 | total steps = 294368 | reward = 0.0 | length = 400 | hours = 0.057
2023/03/10 07:01:34 PM > ep = 735 | total steps = 294368 | reward = 0.0 | length = 400 | hours = 0.057
2023/03/10 07:01:34 PM > ep = 736 | total steps = 294368 | reward = 0.0 | length = 400 | hours = 0.057
2023/03/10 07:01:34 PM > ep = 737 | total steps = 294368 | reward = 0.0 | length = 400 | hours = 0.057
2023/03/10 07:01:34 PM > ep = 738 | total steps = 294624 | reward = 0.0 | length = 400 | hours = 0.057
2023/03/10 07:01:34 PM > ep = 739 | total steps = 294656 | reward = 0.0 | length = 400 | hours = 0.057
2023/03/10 07:01:34 PM > ep = 740 | total steps = 294848 | reward = 0.0 | length = 400 | hours = 0.057
2023/03/10 07:01:35 PM > ep = 741 | total steps = 295520 | reward = 0.0 | length = 400 | hours = 0.057
2023/03/10 07:01:35 PM > ep = 742 | total steps = 295808 | reward = 0.0 | length = 400 | hours = 0.057
2023/03/10 07:01:35 PM > ep = 743 | total steps = 296192 | reward = 0.0 | length = 400 | hours = 0.058
2023/03/10 07:01:35 PM > ep = 744 | total steps = 297568 | reward = 0.0 | length = 400 | hours = 0.058
2023/03/10 07:01:35 PM > ep = 745 | total steps = 297792 | reward = 0.0 | length = 400 | hours = 0.058
2023/03/10 07:01:35 PM > ep = 746 | total steps = 297792 | reward = 0.0 | length = 400 | hours = 0.058
2023/03/10 07:01:36 PM > ep = 747 | total steps = 299104 | reward = 0.0 | length = 400 | hours = 0.058
2023/03/10 07:01:36 PM > ep = 748 | total steps = 299648 | reward = 0.0 | length = 400 | hours = 0.058
2023/03/10 07:01:36 PM > ep = 749 | total steps = 299808 | reward = 0.0 | length = 400 | hours = 0.058
2023/03/10 07:01:36 PM > ep = 750 | total steps = 300096 | reward = 0.0 | length = 400 | hours = 0.058
2023/03/10 07:01:36 PM > ep = 751 | total steps = 302496 | reward = 0.0 | length = 400 | hours = 0.058
2023/03/10 07:01:37 PM > ep = 752 | total steps = 302560 | reward = 0.0 | length = 400 | hours = 0.058
2023/03/10 07:01:37 PM > ep = 753 | total steps = 304800 | reward = 0.0 | length = 400 | hours = 0.058
2023/03/10 07:01:37 PM > ep = 754 | total steps = 305152 | reward = 0.0 | length = 400 | hours = 0.058
2023/03/10 07:01:38 PM > ep = 755 | total steps = 307168 | reward = 0.0 | length = 400 | hours = 0.058
2023/03/10 07:01:38 PM > ep = 756 | total steps = 307168 | reward = 0.0 | length = 400 | hours = 0.058
2023/03/10 07:01:38 PM > ep = 757 | total steps = 307168 | reward = 0.0 | length = 400 | hours = 0.058
2023/03/10 07:01:38 PM > ep = 758 | total steps = 307168 | reward = 0.0 | length = 400 | hours = 0.058
2023/03/10 07:01:38 PM > ep = 759 | total steps = 307168 | reward = 0.0 | length = 400 | hours = 0.058
2023/03/10 07:01:38 PM > ep = 760 | total steps = 307168 | reward = 0.0 | length = 400 | hours = 0.058
2023/03/10 07:01:38 PM > ep = 761 | total steps = 307168 | reward = 0.0 | length = 400 | hours = 0.058
2023/03/10 07:01:38 PM > ep = 762 | total steps = 307168 | reward = 0.0 | length = 400 | hours = 0.058
2023/03/10 07:01:38 PM > ep = 763 | total steps = 307168 | reward = 0.0 | length = 400 | hours = 0.058
2023/03/10 07:01:38 PM > ep = 764 | total steps = 307168 | reward = 0.0 | length = 400 | hours = 0.058
2023/03/10 07:01:38 PM > ep = 765 | total steps = 307168 | reward = 0.0 | length = 400 | hours = 0.058
2023/03/10 07:01:38 PM > ep = 766 | total steps = 307168 | reward = 0.0 | length = 400 | hours = 0.058
2023/03/10 07:01:38 PM > ep = 767 | total steps = 307168 | reward = 0.0 | length = 400 | hours = 0.058
2023/03/10 07:01:38 PM > ep = 768 | total steps = 307168 | reward = 0.0 | length = 400 | hours = 0.058
2023/03/10 07:01:38 PM > ep = 769 | total steps = 307168 | reward = 0.0 | length = 400 | hours = 0.058
2023/03/10 07:01:38 PM > ep = 770 | total steps = 307424 | reward = 0.0 | length = 400 | hours = 0.058
2023/03/10 07:01:38 PM > ep = 771 | total steps = 307456 | reward = 0.0 | length = 400 | hours = 0.058
2023/03/10 07:01:38 PM > ep = 772 | total steps = 307648 | reward = 0.0 | length = 400 | hours = 0.058
2023/03/10 07:01:38 PM > ep = 773 | total steps = 308320 | reward = 0.0 | length = 400 | hours = 0.058
2023/03/10 07:01:38 PM > ep = 774 | total steps = 308608 | reward = 0.0 | length = 400 | hours = 0.058
2023/03/10 07:01:38 PM > ep = 775 | total steps = 308992 | reward = 0.0 | length = 400 | hours = 0.058
2023/03/10 07:01:39 PM > ep = 776 | total steps = 310368 | reward = 0.0 | length = 400 | hours = 0.059
2023/03/10 07:01:39 PM > ep = 777 | total steps = 310592 | reward = 0.0 | length = 400 | hours = 0.059
2023/03/10 07:01:39 PM > ep = 778 | total steps = 310592 | reward = 0.0 | length = 400 | hours = 0.059
2023/03/10 07:01:39 PM > ep = 779 | total steps = 311904 | reward = 0.0 | length = 400 | hours = 0.059
2023/03/10 07:01:39 PM > ep = 780 | total steps = 312448 | reward = 0.0 | length = 400 | hours = 0.059
2023/03/10 07:01:39 PM > ep = 781 | total steps = 312608 | reward = 0.0 | length = 400 | hours = 0.059
2023/03/10 07:01:39 PM > ep = 782 | total steps = 312896 | reward = 0.0 | length = 400 | hours = 0.059
2023/03/10 07:01:40 PM > ep = 783 | total steps = 315296 | reward = 0.0 | length = 400 | hours = 0.059
2023/03/10 07:01:40 PM > ep = 784 | total steps = 315360 | reward = 0.0 | length = 400 | hours = 0.059
2023/03/10 07:01:40 PM > ep = 785 | total steps = 317600 | reward = 0.0 | length = 400 | hours = 0.059
2023/03/10 07:01:41 PM > ep = 786 | total steps = 317952 | reward = 0.0 | length = 400 | hours = 0.059
2023/03/10 07:01:41 PM > ep = 787 | total steps = 319968 | reward = 0.0 | length = 400 | hours = 0.059
2023/03/10 07:01:41 PM > ep = 788 | total steps = 319968 | reward = 0.0 | length = 400 | hours = 0.059
2023/03/10 07:01:41 PM > ep = 789 | total steps = 319968 | reward = 0.0 | length = 400 | hours = 0.059
2023/03/10 07:01:41 PM > ep = 790 | total steps = 319968 | reward = 0.0 | length = 400 | hours = 0.059
2023/03/10 07:01:41 PM > ep = 791 | total steps = 319968 | reward = 0.0 | length = 400 | hours = 0.059
2023/03/10 07:01:41 PM > ep = 792 | total steps = 319968 | reward = 0.0 | length = 400 | hours = 0.059
2023/03/10 07:01:41 PM > ep = 793 | total steps = 319968 | reward = 0.0 | length = 400 | hours = 0.059
2023/03/10 07:01:41 PM > ep = 794 | total steps = 319968 | reward = 0.0 | length = 400 | hours = 0.059
2023/03/10 07:01:41 PM > ep = 795 | total steps = 319968 | reward = 0.0 | length = 400 | hours = 0.059
2023/03/10 07:01:41 PM > ep = 796 | total steps = 319968 | reward = 0.0 | length = 400 | hours = 0.059
2023/03/10 07:01:41 PM > ep = 797 | total steps = 319968 | reward = 0.0 | length = 400 | hours = 0.059
2023/03/10 07:01:41 PM > ep = 798 | total steps = 319968 | reward = 0.0 | length = 400 | hours = 0.059
2023/03/10 07:01:41 PM > ep = 799 | total steps = 319968 | reward = 0.0 | length = 400 | hours = 0.059
2023/03/10 07:01:41 PM > ep = 800 | total steps = 319968 | reward = 0.0 | length = 400 | hours = 0.059
2023/03/10 07:01:41 PM > ep = 801 | total steps = 319968 | reward = 0.0 | length = 400 | hours = 0.059
2023/03/10 07:01:42 PM > ep = 802 | total steps = 320224 | reward = 0.0 | length = 400 | hours = 0.059
2023/03/10 07:01:42 PM > ep = 803 | total steps = 320256 | reward = 0.0 | length = 400 | hours = 0.059
2023/03/10 07:01:42 PM > ep = 804 | total steps = 320448 | reward = 0.0 | length = 400 | hours = 0.060
2023/03/10 07:01:42 PM > ep = 805 | total steps = 321120 | reward = 0.0 | length = 400 | hours = 0.060
2023/03/10 07:01:42 PM > ep = 806 | total steps = 321408 | reward = 0.0 | length = 400 | hours = 0.060
2023/03/10 07:01:42 PM > ep = 807 | total steps = 321792 | reward = 0.0 | length = 400 | hours = 0.060
2023/03/10 07:01:43 PM > ep = 808 | total steps = 323168 | reward = 0.0 | length = 400 | hours = 0.060
2023/03/10 07:01:43 PM > ep = 809 | total steps = 323392 | reward = 0.0 | length = 400 | hours = 0.060
2023/03/10 07:01:43 PM > ep = 810 | total steps = 323392 | reward = 0.0 | length = 400 | hours = 0.060
2023/03/10 07:01:43 PM > ep = 811 | total steps = 324704 | reward = 0.0 | length = 400 | hours = 0.060
2023/03/10 07:01:43 PM > ep = 812 | total steps = 325248 | reward = 0.0 | length = 400 | hours = 0.060
2023/03/10 07:01:43 PM > ep = 813 | total steps = 325408 | reward = 0.0 | length = 400 | hours = 0.060
2023/03/10 07:01:43 PM > ep = 814 | total steps = 325696 | reward = 0.0 | length = 400 | hours = 0.060
2023/03/10 07:01:44 PM > ep = 815 | total steps = 328096 | reward = 0.0 | length = 400 | hours = 0.060
2023/03/10 07:01:44 PM > ep = 816 | total steps = 328160 | reward = 0.0 | length = 400 | hours = 0.060
2023/03/10 07:01:44 PM > ep = 817 | total steps = 330400 | reward = 0.0 | length = 400 | hours = 0.060
2023/03/10 07:01:44 PM > ep = 818 | total steps = 330752 | reward = 0.0 | length = 400 | hours = 0.060
2023/03/10 07:01:45 PM > ep = 819 | total steps = 332768 | reward = 0.0 | length = 400 | hours = 0.060
2023/03/10 07:01:45 PM > ep = 820 | total steps = 332768 | reward = 0.0 | length = 400 | hours = 0.060
2023/03/10 07:01:45 PM > ep = 821 | total steps = 332768 | reward = 0.0 | length = 400 | hours = 0.060
2023/03/10 07:01:45 PM > ep = 822 | total steps = 332768 | reward = 0.0 | length = 400 | hours = 0.060
2023/03/10 07:01:45 PM > ep = 823 | total steps = 332768 | reward = 0.0 | length = 400 | hours = 0.060
2023/03/10 07:01:45 PM > ep = 824 | total steps = 332768 | reward = 0.0 | length = 400 | hours = 0.060
2023/03/10 07:01:45 PM > ep = 825 | total steps = 332768 | reward = 0.0 | length = 400 | hours = 0.060
2023/03/10 07:01:45 PM > ep = 826 | total steps = 332768 | reward = 0.0 | length = 400 | hours = 0.060
2023/03/10 07:01:45 PM > ep = 827 | total steps = 332768 | reward = 0.0 | length = 400 | hours = 0.060
2023/03/10 07:01:45 PM > ep = 828 | total steps = 332768 | reward = 0.0 | length = 400 | hours = 0.060
2023/03/10 07:01:45 PM > ep = 829 | total steps = 332768 | reward = 0.0 | length = 400 | hours = 0.060
2023/03/10 07:01:45 PM > ep = 830 | total steps = 332768 | reward = 0.0 | length = 400 | hours = 0.060
2023/03/10 07:01:45 PM > ep = 831 | total steps = 332768 | reward = 0.0 | length = 400 | hours = 0.060
2023/03/10 07:01:45 PM > ep = 832 | total steps = 332768 | reward = 0.0 | length = 400 | hours = 0.060
2023/03/10 07:01:45 PM > ep = 833 | total steps = 332768 | reward = 0.0 | length = 400 | hours = 0.060
2023/03/10 07:01:45 PM > ep = 834 | total steps = 333024 | reward = 0.0 | length = 400 | hours = 0.060
2023/03/10 07:01:45 PM > ep = 835 | total steps = 333056 | reward = 0.0 | length = 400 | hours = 0.060
2023/03/10 07:01:45 PM > ep = 836 | total steps = 333248 | reward = 0.0 | length = 400 | hours = 0.060
2023/03/10 07:01:45 PM > ep = 837 | total steps = 333920 | reward = 0.0 | length = 400 | hours = 0.060
2023/03/10 07:01:46 PM > ep = 838 | total steps = 334208 | reward = 0.0 | length = 400 | hours = 0.060
2023/03/10 07:01:46 PM > ep = 839 | total steps = 334592 | reward = 0.0 | length = 400 | hours = 0.061
2023/03/10 07:01:46 PM > ep = 840 | total steps = 335968 | reward = 0.0 | length = 400 | hours = 0.061
2023/03/10 07:01:46 PM > ep = 841 | total steps = 336192 | reward = 0.0 | length = 400 | hours = 0.061
2023/03/10 07:01:46 PM > ep = 842 | total steps = 336192 | reward = 0.0 | length = 400 | hours = 0.061
2023/03/10 07:01:46 PM > ep = 843 | total steps = 337504 | reward = 0.0 | length = 400 | hours = 0.061
2023/03/10 07:01:47 PM > ep = 844 | total steps = 338048 | reward = 0.0 | length = 400 | hours = 0.061
2023/03/10 07:01:47 PM > ep = 845 | total steps = 338208 | reward = 0.0 | length = 400 | hours = 0.061
2023/03/10 07:01:47 PM > ep = 846 | total steps = 338496 | reward = 0.0 | length = 400 | hours = 0.061
2023/03/10 07:01:47 PM > ep = 847 | total steps = 340896 | reward = 0.0 | length = 400 | hours = 0.061
2023/03/10 07:01:47 PM > ep = 848 | total steps = 340960 | reward = 0.0 | length = 400 | hours = 0.061
2023/03/10 07:01:48 PM > ep = 849 | total steps = 343200 | reward = 0.0 | length = 400 | hours = 0.061
2023/03/10 07:01:48 PM > ep = 850 | total steps = 343552 | reward = 0.0 | length = 400 | hours = 0.061
2023/03/10 07:01:49 PM > ep = 851 | total steps = 345568 | reward = 0.0 | length = 400 | hours = 0.061
2023/03/10 07:01:49 PM > ep = 852 | total steps = 345568 | reward = 0.0 | length = 400 | hours = 0.061
2023/03/10 07:01:49 PM > ep = 853 | total steps = 345568 | reward = 0.0 | length = 400 | hours = 0.061
2023/03/10 07:01:49 PM > ep = 854 | total steps = 345568 | reward = 0.0 | length = 400 | hours = 0.061
2023/03/10 07:01:49 PM > ep = 855 | total steps = 345568 | reward = 0.0 | length = 400 | hours = 0.061
2023/03/10 07:01:49 PM > ep = 856 | total steps = 345568 | reward = 0.0 | length = 400 | hours = 0.061
2023/03/10 07:01:49 PM > ep = 857 | total steps = 345568 | reward = 0.0 | length = 400 | hours = 0.061
2023/03/10 07:01:49 PM > ep = 858 | total steps = 345568 | reward = 0.0 | length = 400 | hours = 0.061
2023/03/10 07:01:49 PM > ep = 859 | total steps = 345568 | reward = 0.0 | length = 400 | hours = 0.061
2023/03/10 07:01:49 PM > ep = 860 | total steps = 345568 | reward = 0.0 | length = 400 | hours = 0.061
2023/03/10 07:01:49 PM > ep = 861 | total steps = 345568 | reward = 0.0 | length = 400 | hours = 0.061
2023/03/10 07:01:49 PM > ep = 862 | total steps = 345568 | reward = 0.0 | length = 400 | hours = 0.061
2023/03/10 07:01:49 PM > ep = 863 | total steps = 345568 | reward = 0.0 | length = 400 | hours = 0.061
2023/03/10 07:01:49 PM > ep = 864 | total steps = 345568 | reward = 0.0 | length = 400 | hours = 0.061
2023/03/10 07:01:49 PM > ep = 865 | total steps = 345568 | reward = 0.0 | length = 400 | hours = 0.061
2023/03/10 07:01:49 PM > ep = 866 | total steps = 345824 | reward = 0.0 | length = 400 | hours = 0.061
2023/03/10 07:01:49 PM > ep = 867 | total steps = 345856 | reward = 0.0 | length = 400 | hours = 0.061
2023/03/10 07:01:49 PM > ep = 868 | total steps = 346048 | reward = 0.0 | length = 400 | hours = 0.061
2023/03/10 07:01:49 PM > ep = 869 | total steps = 346720 | reward = 0.0 | length = 400 | hours = 0.061
2023/03/10 07:01:49 PM > ep = 870 | total steps = 347008 | reward = 0.0 | length = 400 | hours = 0.062
2023/03/10 07:01:49 PM > ep = 871 | total steps = 347392 | reward = 0.0 | length = 400 | hours = 0.062
2023/03/10 07:01:50 PM > ep = 872 | total steps = 348768 | reward = 0.0 | length = 400 | hours = 0.062
2023/03/10 07:01:50 PM > ep = 873 | total steps = 348992 | reward = 0.0 | length = 400 | hours = 0.062
2023/03/10 07:01:50 PM > ep = 874 | total steps = 348992 | reward = 0.0 | length = 400 | hours = 0.062
2023/03/10 07:01:50 PM > ep = 875 | total steps = 350304 | reward = 0.0 | length = 400 | hours = 0.062
2023/03/10 07:01:50 PM > ep = 876 | total steps = 350848 | reward = 0.0 | length = 400 | hours = 0.062
2023/03/10 07:01:50 PM > ep = 877 | total steps = 351008 | reward = 0.0 | length = 400 | hours = 0.062
2023/03/10 07:01:50 PM > ep = 878 | total steps = 351296 | reward = 0.0 | length = 400 | hours = 0.062
